{"/home/cwnelson/Dev/portfolio/10xlegal-prototype/src/admin/AdminLogin.tsx": {"path":"/home/cwnelson/Dev/portfolio/10xlegal-prototype/src/admin/AdminLogin.tsx","statementMap":{"0":{"start":{"line":7,"column":10},"end":{"line":7,"column":null}},"1":{"start":{"line":8,"column":60},"end":{"line":8,"column":null}},"2":{"start":{"line":9,"column":26},"end":{"line":9,"column":null}},"3":{"start":{"line":10,"column":32},"end":{"line":10,"column":null}},"4":{"start":{"line":12,"column":4},"end":{"line":18,"column":null}},"5":{"start":{"line":13,"column":8},"end":{"line":17,"column":null}},"6":{"start":{"line":14,"column":12},"end":{"line":14,"column":null}},"7":{"start":{"line":15,"column":8},"end":{"line":17,"column":null}},"8":{"start":{"line":16,"column":12},"end":{"line":16,"column":null}},"9":{"start":{"line":20,"column":25},"end":{"line":31,"column":null}},"10":{"start":{"line":21,"column":8},"end":{"line":21,"column":null}},"11":{"start":{"line":22,"column":8},"end":{"line":22,"column":null}},"12":{"start":{"line":23,"column":8},"end":{"line":30,"column":null}},"13":{"start":{"line":24,"column":12},"end":{"line":29,"column":null}},"14":{"start":{"line":25,"column":16},"end":{"line":25,"column":null}},"15":{"start":{"line":26,"column":16},"end":{"line":26,"column":null}},"16":{"start":{"line":33,"column":4},"end":{"line":65,"column":null}},"17":{"start":{"line":52,"column":39},"end":{"line":52,"column":null}},"18":{"start":{"line":59,"column":39},"end":{"line":59,"column":null}}},"fnMap":{"0":{"name":"AdminLogin","decl":{"start":{"line":6,"column":16},"end":{"line":6,"column":29}},"loc":{"start":{"line":6,"column":29},"end":{"line":67,"column":null}},"line":6},"1":{"name":"(anonymous_1)","decl":{"start":{"line":12,"column":14},"end":{"line":12,"column":20}},"loc":{"start":{"line":12,"column":20},"end":{"line":18,"column":7}},"line":12},"2":{"name":"(anonymous_2)","decl":{"start":{"line":20,"column":25},"end":{"line":20,"column":32}},"loc":{"start":{"line":20,"column":55},"end":{"line":31,"column":null}},"line":20},"3":{"name":"(anonymous_3)","decl":{"start":{"line":52,"column":34},"end":{"line":52,"column":39}},"loc":{"start":{"line":52,"column":39},"end":{"line":52,"column":null}},"line":52},"4":{"name":"(anonymous_4)","decl":{"start":{"line":59,"column":34},"end":{"line":59,"column":39}},"loc":{"start":{"line":59,"column":39},"end":{"line":59,"column":null}},"line":59}},"branchMap":{"0":{"loc":{"start":{"line":13,"column":8},"end":{"line":17,"column":null}},"type":"if","locations":[{"start":{"line":13,"column":8},"end":{"line":17,"column":null}},{"start":{"line":15,"column":8},"end":{"line":17,"column":null}}],"line":13},"1":{"loc":{"start":{"line":13,"column":12},"end":{"line":13,"column":55}},"type":"binary-expr","locations":[{"start":{"line":13,"column":12},"end":{"line":13,"column":31}},{"start":{"line":13,"column":31},"end":{"line":13,"column":55}}],"line":13},"2":{"loc":{"start":{"line":15,"column":8},"end":{"line":17,"column":null}},"type":"if","locations":[{"start":{"line":15,"column":8},"end":{"line":17,"column":null}},{"start":{},"end":{}}],"line":15},"3":{"loc":{"start":{"line":23,"column":8},"end":{"line":30,"column":null}},"type":"if","locations":[{"start":{"line":23,"column":8},"end":{"line":30,"column":null}},{"start":{},"end":{}}],"line":23},"4":{"loc":{"start":{"line":23,"column":12},"end":{"line":23,"column":31}},"type":"binary-expr","locations":[{"start":{"line":23,"column":12},"end":{"line":23,"column":21}},{"start":{"line":23,"column":21},"end":{"line":23,"column":31}}],"line":23},"5":{"loc":{"start":{"line":41,"column":17},"end":{"line":44,"column":null}},"type":"binary-expr","locations":[{"start":{"line":41,"column":17},"end":{"line":41,"column":null}},{"start":{"line":42,"column":20},"end":{"line":44,"column":null}}],"line":41}},"s":{"0":20,"1":20,"2":20,"3":20,"4":20,"5":6,"6":1,"7":5,"8":0,"9":20,"10":2,"11":2,"12":2,"13":2,"14":2,"15":1,"16":20,"17":3,"18":3},"f":{"0":20,"1":6,"2":2,"3":3,"4":3},"b":{"0":[1,5],"1":[6,1],"2":[0,5],"3":[2,0],"4":[2,2],"5":[20,1]},"meta":{"lastBranch":6,"lastFunction":5,"lastStatement":19,"seen":{"f:6:16:6:29":0,"s:7:10:7:Infinity":0,"s:8:60:8:Infinity":1,"s:9:26:9:Infinity":2,"s:10:32:10:Infinity":3,"s:12:4:18:Infinity":4,"f:12:14:12:20":1,"b:13:8:17:Infinity:15:8:17:Infinity":0,"s:13:8:17:Infinity":5,"b:13:12:13:31:13:31:13:55":1,"s:14:12:14:Infinity":6,"b:15:8:17:Infinity:undefined:undefined:undefined:undefined":2,"s:15:8:17:Infinity":7,"s:16:12:16:Infinity":8,"s:20:25:31:Infinity":9,"f:20:25:20:32":2,"s:21:8:21:Infinity":10,"s:22:8:22:Infinity":11,"b:23:8:30:Infinity:undefined:undefined:undefined:undefined":3,"s:23:8:30:Infinity":12,"b:23:12:23:21:23:21:23:31":4,"s:24:12:29:Infinity":13,"s:25:16:25:Infinity":14,"s:26:16:26:Infinity":15,"s:33:4:65:Infinity":16,"b:41:17:41:Infinity:42:20:44:Infinity":5,"f:52:34:52:39":3,"s:52:39:52:Infinity":17,"f:59:34:59:39":4,"s:59:39:59:Infinity":18}}}
,"/home/cwnelson/Dev/portfolio/10xlegal-prototype/src/admin/AuditLogTab.tsx": {"path":"/home/cwnelson/Dev/portfolio/10xlegal-prototype/src/admin/AuditLogTab.tsx","statementMap":{"0":{"start":{"line":6,"column":30},"end":{"line":6,"column":null}},"1":{"start":{"line":7,"column":30},"end":{"line":7,"column":null}},"2":{"start":{"line":8,"column":26},"end":{"line":8,"column":null}},"3":{"start":{"line":9,"column":24},"end":{"line":9,"column":null}},"4":{"start":{"line":10,"column":36},"end":{"line":10,"column":null}},"5":{"start":{"line":12,"column":10},"end":{"line":23,"column":null}},"6":{"start":{"line":13,"column":8},"end":{"line":13,"column":null}},"7":{"start":{"line":14,"column":8},"end":{"line":22,"column":null}},"8":{"start":{"line":15,"column":29},"end":{"line":15,"column":null}},"9":{"start":{"line":16,"column":12},"end":{"line":16,"column":null}},"10":{"start":{"line":17,"column":12},"end":{"line":17,"column":null}},"11":{"start":{"line":19,"column":12},"end":{"line":19,"column":null}},"12":{"start":{"line":21,"column":12},"end":{"line":21,"column":null}},"13":{"start":{"line":25,"column":4},"end":{"line":25,"column":null}},"14":{"start":{"line":25,"column":22},"end":{"line":25,"column":34}},"15":{"start":{"line":27,"column":4},"end":{"line":27,"column":null}},"16":{"start":{"line":27,"column":17},"end":{"line":27,"column":null}},"17":{"start":{"line":29,"column":4},"end":{"line":76,"column":null}},"18":{"start":{"line":49,"column":32},"end":{"line":54,"column":null}},"19":{"start":{"line":64,"column":77},"end":{"line":64,"column":98}},"20":{"start":{"line":64,"column":90},"end":{"line":64,"column":95}},"21":{"start":{"line":70,"column":77},"end":{"line":70,"column":98}},"22":{"start":{"line":70,"column":90},"end":{"line":70,"column":95}}},"fnMap":{"0":{"name":"AuditLogTab","decl":{"start":{"line":5,"column":16},"end":{"line":5,"column":30}},"loc":{"start":{"line":5,"column":30},"end":{"line":78,"column":null}},"line":5},"1":{"name":"(anonymous_1)","decl":{"start":{"line":12,"column":33},"end":{"line":12,"column":45}},"loc":{"start":{"line":12,"column":45},"end":{"line":23,"column":7}},"line":12},"2":{"name":"(anonymous_2)","decl":{"start":{"line":25,"column":14},"end":{"line":25,"column":20}},"loc":{"start":{"line":25,"column":20},"end":{"line":25,"column":37}},"line":25},"3":{"name":"(anonymous_3)","decl":{"start":{"line":48,"column":44},"end":{"line":48,"column":null}},"loc":{"start":{"line":49,"column":32},"end":{"line":54,"column":null}},"line":49},"4":{"name":"(anonymous_4)","decl":{"start":{"line":64,"column":71},"end":{"line":64,"column":77}},"loc":{"start":{"line":64,"column":77},"end":{"line":64,"column":98}},"line":64},"5":{"name":"(anonymous_5)","decl":{"start":{"line":64,"column":85},"end":{"line":64,"column":90}},"loc":{"start":{"line":64,"column":90},"end":{"line":64,"column":95}},"line":64},"6":{"name":"(anonymous_6)","decl":{"start":{"line":70,"column":71},"end":{"line":70,"column":77}},"loc":{"start":{"line":70,"column":77},"end":{"line":70,"column":98}},"line":70},"7":{"name":"(anonymous_7)","decl":{"start":{"line":70,"column":85},"end":{"line":70,"column":90}},"loc":{"start":{"line":70,"column":90},"end":{"line":70,"column":95}},"line":70}},"branchMap":{"0":{"loc":{"start":{"line":19,"column":21},"end":{"line":19,"column":84}},"type":"cond-expr","locations":[{"start":{"line":19,"column":44},"end":{"line":19,"column":58}},{"start":{"line":19,"column":58},"end":{"line":19,"column":84}}],"line":19},"1":{"loc":{"start":{"line":27,"column":4},"end":{"line":27,"column":null}},"type":"if","locations":[{"start":{"line":27,"column":4},"end":{"line":27,"column":null}},{"start":{},"end":{}}],"line":27},"2":{"loc":{"start":{"line":31,"column":13},"end":{"line":31,"column":null}},"type":"binary-expr","locations":[{"start":{"line":31,"column":13},"end":{"line":31,"column":22}},{"start":{"line":31,"column":22},"end":{"line":31,"column":null}}],"line":31},"3":{"loc":{"start":{"line":46,"column":29},"end":{"line":55,"column":null}},"type":"cond-expr","locations":[{"start":{"line":47,"column":32},"end":{"line":47,"column":null}},{"start":{"line":48,"column":32},"end":{"line":55,"column":null}}],"line":46},"4":{"loc":{"start":{"line":60,"column":17},"end":{"line":73,"column":null}},"type":"binary-expr","locations":[{"start":{"line":60,"column":17},"end":{"line":60,"column":null}},{"start":{"line":61,"column":20},"end":{"line":73,"column":null}}],"line":60},"5":{"loc":{"start":{"line":63,"column":56},"end":{"line":63,"column":83}},"type":"cond-expr","locations":[{"start":{"line":63,"column":68},"end":{"line":63,"column":81}},{"start":{"line":63,"column":81},"end":{"line":63,"column":83}}],"line":63},"6":{"loc":{"start":{"line":69,"column":56},"end":{"line":69,"column":92}},"type":"cond-expr","locations":[{"start":{"line":69,"column":77},"end":{"line":69,"column":90}},{"start":{"line":69,"column":90},"end":{"line":69,"column":92}}],"line":69}},"s":{"0":4,"1":4,"2":4,"3":4,"4":4,"5":4,"6":2,"7":2,"8":2,"9":2,"10":2,"11":0,"12":2,"13":4,"14":2,"15":4,"16":2,"17":2,"18":1,"19":0,"20":0,"21":0,"22":0},"f":{"0":4,"1":2,"2":2,"3":1,"4":0,"5":0,"6":0,"7":0},"b":{"0":[0,0],"1":[2,2],"2":[2,0],"3":[1,1],"4":[4,0],"5":[0,0],"6":[0,0]},"meta":{"lastBranch":7,"lastFunction":8,"lastStatement":23,"seen":{"f:5:16:5:30":0,"s:6:30:6:Infinity":0,"s:7:30:7:Infinity":1,"s:8:26:8:Infinity":2,"s:9:24:9:Infinity":3,"s:10:36:10:Infinity":4,"s:12:10:23:Infinity":5,"f:12:33:12:45":1,"s:13:8:13:Infinity":6,"s:14:8:22:Infinity":7,"s:15:29:15:Infinity":8,"s:16:12:16:Infinity":9,"s:17:12:17:Infinity":10,"s:19:12:19:Infinity":11,"b:19:44:19:58:19:58:19:84":0,"s:21:12:21:Infinity":12,"s:25:4:25:Infinity":13,"f:25:14:25:20":2,"s:25:22:25:34":14,"b:27:4:27:Infinity:undefined:undefined:undefined:undefined":1,"s:27:4:27:Infinity":15,"s:27:17:27:Infinity":16,"s:29:4:76:Infinity":17,"b:31:13:31:22:31:22:31:Infinity":2,"b:47:32:47:Infinity:48:32:55:Infinity":3,"f:48:44:48:Infinity":3,"s:49:32:54:Infinity":18,"b:60:17:60:Infinity:61:20:73:Infinity":4,"b:63:68:63:81:63:81:63:83":5,"f:64:71:64:77":4,"s:64:77:64:98":19,"f:64:85:64:90":5,"s:64:90:64:95":20,"b:69:77:69:90:69:90:69:92":6,"f:70:71:70:77":6,"s:70:77:70:98":21,"f:70:85:70:90":7,"s:70:90:70:95":22}}}
,"/home/cwnelson/Dev/portfolio/10xlegal-prototype/src/admin/ImportHistoryTab.tsx": {"path":"/home/cwnelson/Dev/portfolio/10xlegal-prototype/src/admin/ImportHistoryTab.tsx","statementMap":{"0":{"start":{"line":6,"column":30},"end":{"line":6,"column":null}},"1":{"start":{"line":7,"column":30},"end":{"line":7,"column":null}},"2":{"start":{"line":8,"column":26},"end":{"line":8,"column":null}},"3":{"start":{"line":9,"column":24},"end":{"line":9,"column":null}},"4":{"start":{"line":10,"column":36},"end":{"line":10,"column":null}},"5":{"start":{"line":12,"column":10},"end":{"line":23,"column":null}},"6":{"start":{"line":13,"column":8},"end":{"line":13,"column":null}},"7":{"start":{"line":14,"column":8},"end":{"line":22,"column":null}},"8":{"start":{"line":15,"column":29},"end":{"line":15,"column":null}},"9":{"start":{"line":16,"column":12},"end":{"line":16,"column":null}},"10":{"start":{"line":17,"column":12},"end":{"line":17,"column":null}},"11":{"start":{"line":19,"column":12},"end":{"line":19,"column":null}},"12":{"start":{"line":21,"column":12},"end":{"line":21,"column":null}},"13":{"start":{"line":25,"column":4},"end":{"line":25,"column":null}},"14":{"start":{"line":25,"column":22},"end":{"line":25,"column":38}},"15":{"start":{"line":27,"column":4},"end":{"line":27,"column":null}},"16":{"start":{"line":27,"column":17},"end":{"line":27,"column":null}},"17":{"start":{"line":29,"column":4},"end":{"line":87,"column":null}},"18":{"start":{"line":51,"column":32},"end":{"line":65,"column":null}},"19":{"start":{"line":75,"column":77},"end":{"line":75,"column":98}},"20":{"start":{"line":75,"column":90},"end":{"line":75,"column":95}},"21":{"start":{"line":81,"column":77},"end":{"line":81,"column":98}},"22":{"start":{"line":81,"column":90},"end":{"line":81,"column":95}}},"fnMap":{"0":{"name":"ImportHistoryTab","decl":{"start":{"line":5,"column":16},"end":{"line":5,"column":35}},"loc":{"start":{"line":5,"column":35},"end":{"line":89,"column":null}},"line":5},"1":{"name":"(anonymous_1)","decl":{"start":{"line":12,"column":37},"end":{"line":12,"column":49}},"loc":{"start":{"line":12,"column":49},"end":{"line":23,"column":7}},"line":12},"2":{"name":"(anonymous_2)","decl":{"start":{"line":25,"column":14},"end":{"line":25,"column":20}},"loc":{"start":{"line":25,"column":20},"end":{"line":25,"column":41}},"line":25},"3":{"name":"(anonymous_3)","decl":{"start":{"line":50,"column":44},"end":{"line":50,"column":null}},"loc":{"start":{"line":51,"column":32},"end":{"line":65,"column":null}},"line":51},"4":{"name":"(anonymous_4)","decl":{"start":{"line":75,"column":71},"end":{"line":75,"column":77}},"loc":{"start":{"line":75,"column":77},"end":{"line":75,"column":98}},"line":75},"5":{"name":"(anonymous_5)","decl":{"start":{"line":75,"column":85},"end":{"line":75,"column":90}},"loc":{"start":{"line":75,"column":90},"end":{"line":75,"column":95}},"line":75},"6":{"name":"(anonymous_6)","decl":{"start":{"line":81,"column":71},"end":{"line":81,"column":77}},"loc":{"start":{"line":81,"column":77},"end":{"line":81,"column":98}},"line":81},"7":{"name":"(anonymous_7)","decl":{"start":{"line":81,"column":85},"end":{"line":81,"column":90}},"loc":{"start":{"line":81,"column":90},"end":{"line":81,"column":95}},"line":81}},"branchMap":{"0":{"loc":{"start":{"line":19,"column":21},"end":{"line":19,"column":89}},"type":"cond-expr","locations":[{"start":{"line":19,"column":44},"end":{"line":19,"column":58}},{"start":{"line":19,"column":58},"end":{"line":19,"column":89}}],"line":19},"1":{"loc":{"start":{"line":27,"column":4},"end":{"line":27,"column":null}},"type":"if","locations":[{"start":{"line":27,"column":4},"end":{"line":27,"column":null}},{"start":{},"end":{}}],"line":27},"2":{"loc":{"start":{"line":31,"column":13},"end":{"line":31,"column":null}},"type":"binary-expr","locations":[{"start":{"line":31,"column":13},"end":{"line":31,"column":22}},{"start":{"line":31,"column":22},"end":{"line":31,"column":null}}],"line":31},"3":{"loc":{"start":{"line":48,"column":29},"end":{"line":66,"column":null}},"type":"cond-expr","locations":[{"start":{"line":49,"column":32},"end":{"line":49,"column":null}},{"start":{"line":50,"column":32},"end":{"line":66,"column":null}}],"line":48},"4":{"loc":{"start":{"line":59,"column":44},"end":{"line":60,"column":null}},"type":"cond-expr","locations":[{"start":{"line":59,"column":76},"end":{"line":59,"column":null}},{"start":{"line":60,"column":44},"end":{"line":60,"column":null}}],"line":59},"5":{"loc":{"start":{"line":60,"column":44},"end":{"line":60,"column":null}},"type":"cond-expr","locations":[{"start":{"line":60,"column":74},"end":{"line":60,"column":89}},{"start":{"line":60,"column":89},"end":{"line":60,"column":null}}],"line":60},"6":{"loc":{"start":{"line":71,"column":17},"end":{"line":84,"column":null}},"type":"binary-expr","locations":[{"start":{"line":71,"column":17},"end":{"line":71,"column":null}},{"start":{"line":72,"column":20},"end":{"line":84,"column":null}}],"line":71},"7":{"loc":{"start":{"line":74,"column":56},"end":{"line":74,"column":83}},"type":"cond-expr","locations":[{"start":{"line":74,"column":68},"end":{"line":74,"column":81}},{"start":{"line":74,"column":81},"end":{"line":74,"column":83}}],"line":74},"8":{"loc":{"start":{"line":80,"column":56},"end":{"line":80,"column":92}},"type":"cond-expr","locations":[{"start":{"line":80,"column":77},"end":{"line":80,"column":90}},{"start":{"line":80,"column":90},"end":{"line":80,"column":92}}],"line":80}},"s":{"0":4,"1":4,"2":4,"3":4,"4":4,"5":4,"6":2,"7":2,"8":2,"9":2,"10":2,"11":0,"12":2,"13":4,"14":2,"15":4,"16":2,"17":2,"18":1,"19":0,"20":0,"21":0,"22":0},"f":{"0":4,"1":2,"2":2,"3":1,"4":0,"5":0,"6":0,"7":0},"b":{"0":[0,0],"1":[2,2],"2":[2,0],"3":[1,1],"4":[0,1],"5":[1,0],"6":[4,0],"7":[0,0],"8":[0,0]},"meta":{"lastBranch":9,"lastFunction":8,"lastStatement":23,"seen":{"f:5:16:5:35":0,"s:6:30:6:Infinity":0,"s:7:30:7:Infinity":1,"s:8:26:8:Infinity":2,"s:9:24:9:Infinity":3,"s:10:36:10:Infinity":4,"s:12:10:23:Infinity":5,"f:12:37:12:49":1,"s:13:8:13:Infinity":6,"s:14:8:22:Infinity":7,"s:15:29:15:Infinity":8,"s:16:12:16:Infinity":9,"s:17:12:17:Infinity":10,"s:19:12:19:Infinity":11,"b:19:44:19:58:19:58:19:89":0,"s:21:12:21:Infinity":12,"s:25:4:25:Infinity":13,"f:25:14:25:20":2,"s:25:22:25:38":14,"b:27:4:27:Infinity:undefined:undefined:undefined:undefined":1,"s:27:4:27:Infinity":15,"s:27:17:27:Infinity":16,"s:29:4:87:Infinity":17,"b:31:13:31:22:31:22:31:Infinity":2,"b:49:32:49:Infinity:50:32:66:Infinity":3,"f:50:44:50:Infinity":3,"s:51:32:65:Infinity":18,"b:59:76:59:Infinity:60:44:60:Infinity":4,"b:60:74:60:89:60:89:60:Infinity":5,"b:71:17:71:Infinity:72:20:84:Infinity":6,"b:74:68:74:81:74:81:74:83":7,"f:75:71:75:77":4,"s:75:77:75:98":19,"f:75:85:75:90":5,"s:75:90:75:95":20,"b:80:77:80:90:80:90:80:92":8,"f:81:71:81:77":6,"s:81:77:81:98":21,"f:81:85:81:90":7,"s:81:90:81:95":22}}}
,"/home/cwnelson/Dev/portfolio/10xlegal-prototype/src/admin/SystemOverviewTab.tsx": {"path":"/home/cwnelson/Dev/portfolio/10xlegal-prototype/src/admin/SystemOverviewTab.tsx","statementMap":{"0":{"start":{"line":6,"column":26},"end":{"line":6,"column":null}},"1":{"start":{"line":7,"column":30},"end":{"line":7,"column":null}},"2":{"start":{"line":8,"column":26},"end":{"line":8,"column":null}},"3":{"start":{"line":9,"column":38},"end":{"line":9,"column":null}},"4":{"start":{"line":10,"column":36},"end":{"line":10,"column":null}},"5":{"start":{"line":11,"column":46},"end":{"line":11,"column":null}},"6":{"start":{"line":13,"column":22},"end":{"line":22,"column":null}},"7":{"start":{"line":14,"column":8},"end":{"line":21,"column":null}},"8":{"start":{"line":15,"column":25},"end":{"line":15,"column":null}},"9":{"start":{"line":16,"column":12},"end":{"line":16,"column":null}},"10":{"start":{"line":18,"column":12},"end":{"line":18,"column":null}},"11":{"start":{"line":20,"column":12},"end":{"line":20,"column":null}},"12":{"start":{"line":24,"column":4},"end":{"line":26,"column":null}},"13":{"start":{"line":25,"column":8},"end":{"line":25,"column":null}},"14":{"start":{"line":28,"column":4},"end":{"line":28,"column":null}},"15":{"start":{"line":28,"column":17},"end":{"line":28,"column":null}},"16":{"start":{"line":30,"column":4},"end":{"line":30,"column":null}},"17":{"start":{"line":30,"column":15},"end":{"line":30,"column":null}},"18":{"start":{"line":32,"column":4},"end":{"line":32,"column":null}},"19":{"start":{"line":32,"column":16},"end":{"line":32,"column":null}},"20":{"start":{"line":34,"column":4},"end":{"line":152,"column":null}},"21":{"start":{"line":66,"column":36},"end":{"line":69,"column":null}},"22":{"start":{"line":81,"column":36},"end":{"line":84,"column":null}},"23":{"start":{"line":108,"column":49},"end":{"line":108,"column":71}},"24":{"start":{"line":108,"column":71},"end":{"line":108,"column":97}},"25":{"start":{"line":119,"column":40},"end":{"line":119,"column":null}},"26":{"start":{"line":120,"column":40},"end":{"line":130,"column":null}},"27":{"start":{"line":121,"column":59},"end":{"line":121,"column":null}},"28":{"start":{"line":122,"column":44},"end":{"line":122,"column":null}},"29":{"start":{"line":123,"column":44},"end":{"line":123,"column":null}},"30":{"start":{"line":124,"column":44},"end":{"line":124,"column":null}},"31":{"start":{"line":125,"column":44},"end":{"line":125,"column":null}},"32":{"start":{"line":127,"column":44},"end":{"line":127,"column":null}},"33":{"start":{"line":129,"column":44},"end":{"line":129,"column":null}},"34":{"start":{"line":142,"column":51},"end":{"line":142,"column":null}}},"fnMap":{"0":{"name":"SystemOverviewTab","decl":{"start":{"line":5,"column":16},"end":{"line":5,"column":36}},"loc":{"start":{"line":5,"column":36},"end":{"line":154,"column":null}},"line":5},"1":{"name":"(anonymous_1)","decl":{"start":{"line":13,"column":22},"end":{"line":13,"column":34}},"loc":{"start":{"line":13,"column":34},"end":{"line":22,"column":null}},"line":13},"2":{"name":"(anonymous_2)","decl":{"start":{"line":24,"column":14},"end":{"line":24,"column":20}},"loc":{"start":{"line":24,"column":20},"end":{"line":26,"column":7}},"line":24},"3":{"name":"(anonymous_3)","decl":{"start":{"line":65,"column":73},"end":{"line":65,"column":74}},"loc":{"start":{"line":66,"column":36},"end":{"line":69,"column":null}},"line":66},"4":{"name":"(anonymous_4)","decl":{"start":{"line":80,"column":71},"end":{"line":80,"column":72}},"loc":{"start":{"line":81,"column":36},"end":{"line":84,"column":null}},"line":81},"5":{"name":"(anonymous_5)","decl":{"start":{"line":108,"column":41},"end":{"line":108,"column":47}},"loc":{"start":{"line":108,"column":47},"end":{"line":108,"column":null}},"line":108},"6":{"name":"(anonymous_6)","decl":{"start":{"line":118,"column":45},"end":{"line":118,"column":57}},"loc":{"start":{"line":118,"column":57},"end":{"line":131,"column":null}},"line":118},"7":{"name":"(anonymous_7)","decl":{"start":{"line":142,"column":45},"end":{"line":142,"column":51}},"loc":{"start":{"line":142,"column":51},"end":{"line":142,"column":null}},"line":142}},"branchMap":{"0":{"loc":{"start":{"line":18,"column":21},"end":{"line":18,"column":80}},"type":"cond-expr","locations":[{"start":{"line":18,"column":44},"end":{"line":18,"column":58}},{"start":{"line":18,"column":58},"end":{"line":18,"column":80}}],"line":18},"1":{"loc":{"start":{"line":28,"column":4},"end":{"line":28,"column":null}},"type":"if","locations":[{"start":{"line":28,"column":4},"end":{"line":28,"column":null}},{"start":{},"end":{}}],"line":28},"2":{"loc":{"start":{"line":30,"column":4},"end":{"line":30,"column":null}},"type":"if","locations":[{"start":{"line":30,"column":4},"end":{"line":30,"column":null}},{"start":{},"end":{}}],"line":30},"3":{"loc":{"start":{"line":32,"column":4},"end":{"line":32,"column":null}},"type":"if","locations":[{"start":{"line":32,"column":4},"end":{"line":32,"column":null}},{"start":{},"end":{}}],"line":32},"4":{"loc":{"start":{"line":101,"column":25},"end":{"line":102,"column":null}},"type":"binary-expr","locations":[{"start":{"line":101,"column":25},"end":{"line":101,"column":null}},{"start":{"line":102,"column":28},"end":{"line":102,"column":null}}],"line":101},"5":{"loc":{"start":{"line":105,"column":25},"end":{"line":146,"column":null}},"type":"cond-expr","locations":[{"start":{"line":106,"column":28},"end":{"line":111,"column":null}},{"start":{"line":113,"column":28},"end":{"line":146,"column":null}}],"line":105},"6":{"loc":{"start":{"line":127,"column":63},"end":{"line":127,"column":119}},"type":"cond-expr","locations":[{"start":{"line":127,"column":86},"end":{"line":127,"column":100}},{"start":{"line":127,"column":100},"end":{"line":127,"column":119}}],"line":127},"7":{"loc":{"start":{"line":133,"column":37},"end":{"line":136,"column":null}},"type":"cond-expr","locations":[{"start":{"line":134,"column":40},"end":{"line":134,"column":null}},{"start":{"line":136,"column":40},"end":{"line":136,"column":null}}],"line":133}},"s":{"0":9,"1":9,"2":9,"3":9,"4":9,"5":9,"6":9,"7":4,"8":4,"9":3,"10":1,"11":4,"12":9,"13":4,"14":9,"15":4,"16":5,"17":5,"18":4,"19":0,"20":4,"21":2,"22":2,"23":1,"24":1,"25":0,"26":0,"27":0,"28":0,"29":0,"30":0,"31":0,"32":0,"33":0,"34":0},"f":{"0":9,"1":4,"2":4,"3":2,"4":2,"5":1,"6":0,"7":0},"b":{"0":[0,1],"1":[4,5],"2":[1,4],"3":[0,4],"4":[4,0],"5":[3,1],"6":[0,0],"7":[0,1]},"meta":{"lastBranch":8,"lastFunction":8,"lastStatement":35,"seen":{"f:5:16:5:36":0,"s:6:26:6:Infinity":0,"s:7:30:7:Infinity":1,"s:8:26:8:Infinity":2,"s:9:38:9:Infinity":3,"s:10:36:10:Infinity":4,"s:11:46:11:Infinity":5,"s:13:22:22:Infinity":6,"f:13:22:13:34":1,"s:14:8:21:Infinity":7,"s:15:25:15:Infinity":8,"s:16:12:16:Infinity":9,"s:18:12:18:Infinity":10,"b:18:44:18:58:18:58:18:80":0,"s:20:12:20:Infinity":11,"s:24:4:26:Infinity":12,"f:24:14:24:20":2,"s:25:8:25:Infinity":13,"b:28:4:28:Infinity:undefined:undefined:undefined:undefined":1,"s:28:4:28:Infinity":14,"s:28:17:28:Infinity":15,"b:30:4:30:Infinity:undefined:undefined:undefined:undefined":2,"s:30:4:30:Infinity":16,"s:30:15:30:Infinity":17,"b:32:4:32:Infinity:undefined:undefined:undefined:undefined":3,"s:32:4:32:Infinity":18,"s:32:16:32:Infinity":19,"s:34:4:152:Infinity":20,"f:65:73:65:74":3,"s:66:36:69:Infinity":21,"f:80:71:80:72":4,"s:81:36:84:Infinity":22,"b:101:25:101:Infinity:102:28:102:Infinity":4,"b:106:28:111:Infinity:113:28:146:Infinity":5,"f:108:41:108:47":5,"s:108:49:108:71":23,"s:108:71:108:97":24,"f:118:45:118:57":6,"s:119:40:119:Infinity":25,"s:120:40:130:Infinity":26,"s:121:59:121:Infinity":27,"s:122:44:122:Infinity":28,"s:123:44:123:Infinity":29,"s:124:44:124:Infinity":30,"s:125:44:125:Infinity":31,"s:127:44:127:Infinity":32,"b:127:86:127:100:127:100:127:119":6,"s:129:44:129:Infinity":33,"b:134:40:134:Infinity:136:40:136:Infinity":7,"f:142:45:142:51":7,"s:142:51:142:Infinity":34}}}
,"/home/cwnelson/Dev/portfolio/10xlegal-prototype/src/admin/UserManagementTab.tsx": {"path":"/home/cwnelson/Dev/portfolio/10xlegal-prototype/src/admin/UserManagementTab.tsx","statementMap":{"0":{"start":{"line":5,"column":52},"end":{"line":10,"column":null}},"1":{"start":{"line":13,"column":26},"end":{"line":13,"column":null}},"2":{"start":{"line":14,"column":30},"end":{"line":14,"column":null}},"3":{"start":{"line":15,"column":26},"end":{"line":15,"column":null}},"4":{"start":{"line":16,"column":24},"end":{"line":16,"column":null}},"5":{"start":{"line":17,"column":36},"end":{"line":17,"column":null}},"6":{"start":{"line":19,"column":10},"end":{"line":30,"column":null}},"7":{"start":{"line":20,"column":8},"end":{"line":20,"column":null}},"8":{"start":{"line":21,"column":8},"end":{"line":29,"column":null}},"9":{"start":{"line":22,"column":29},"end":{"line":22,"column":null}},"10":{"start":{"line":23,"column":12},"end":{"line":23,"column":null}},"11":{"start":{"line":24,"column":12},"end":{"line":24,"column":null}},"12":{"start":{"line":26,"column":12},"end":{"line":26,"column":null}},"13":{"start":{"line":28,"column":12},"end":{"line":28,"column":null}},"14":{"start":{"line":32,"column":4},"end":{"line":32,"column":null}},"15":{"start":{"line":32,"column":22},"end":{"line":32,"column":36}},"16":{"start":{"line":34,"column":29},"end":{"line":41,"column":null}},"17":{"start":{"line":35,"column":8},"end":{"line":40,"column":null}},"18":{"start":{"line":36,"column":28},"end":{"line":36,"column":null}},"19":{"start":{"line":37,"column":12},"end":{"line":37,"column":null}},"20":{"start":{"line":37,"column":29},"end":{"line":37,"column":73}},"21":{"start":{"line":37,"column":43},"end":{"line":37,"column":72}},"22":{"start":{"line":39,"column":12},"end":{"line":39,"column":null}},"23":{"start":{"line":43,"column":4},"end":{"line":43,"column":null}},"24":{"start":{"line":43,"column":17},"end":{"line":43,"column":null}},"25":{"start":{"line":45,"column":4},"end":{"line":111,"column":null}},"26":{"start":{"line":66,"column":32},"end":{"line":89,"column":null}},"27":{"start":{"line":73,"column":59},"end":{"line":73,"column":null}},"28":{"start":{"line":76,"column":48},"end":{"line":76,"column":null}},"29":{"start":{"line":99,"column":77},"end":{"line":99,"column":98}},"30":{"start":{"line":99,"column":90},"end":{"line":99,"column":95}},"31":{"start":{"line":105,"column":77},"end":{"line":105,"column":98}},"32":{"start":{"line":105,"column":90},"end":{"line":105,"column":95}}},"fnMap":{"0":{"name":"UserManagementTab","decl":{"start":{"line":12,"column":16},"end":{"line":12,"column":36}},"loc":{"start":{"line":12,"column":36},"end":{"line":113,"column":null}},"line":12},"1":{"name":"(anonymous_1)","decl":{"start":{"line":19,"column":35},"end":{"line":19,"column":47}},"loc":{"start":{"line":19,"column":47},"end":{"line":30,"column":7}},"line":19},"2":{"name":"(anonymous_2)","decl":{"start":{"line":32,"column":14},"end":{"line":32,"column":20}},"loc":{"start":{"line":32,"column":20},"end":{"line":32,"column":39}},"line":32},"3":{"name":"(anonymous_3)","decl":{"start":{"line":34,"column":29},"end":{"line":34,"column":36}},"loc":{"start":{"line":34,"column":74},"end":{"line":41,"column":null}},"line":34},"4":{"name":"(anonymous_4)","decl":{"start":{"line":37,"column":21},"end":{"line":37,"column":29}},"loc":{"start":{"line":37,"column":29},"end":{"line":37,"column":73}},"line":37},"5":{"name":"(anonymous_5)","decl":{"start":{"line":37,"column":38},"end":{"line":37,"column":43}},"loc":{"start":{"line":37,"column":43},"end":{"line":37,"column":72}},"line":37},"6":{"name":"(anonymous_6)","decl":{"start":{"line":65,"column":42},"end":{"line":65,"column":null}},"loc":{"start":{"line":66,"column":32},"end":{"line":89,"column":null}},"line":66},"7":{"name":"(anonymous_7)","decl":{"start":{"line":73,"column":54},"end":{"line":73,"column":59}},"loc":{"start":{"line":73,"column":59},"end":{"line":73,"column":null}},"line":73},"8":{"name":"(anonymous_8)","decl":{"start":{"line":75,"column":55},"end":{"line":75,"column":null}},"loc":{"start":{"line":76,"column":48},"end":{"line":76,"column":null}},"line":76},"9":{"name":"(anonymous_9)","decl":{"start":{"line":99,"column":71},"end":{"line":99,"column":77}},"loc":{"start":{"line":99,"column":77},"end":{"line":99,"column":98}},"line":99},"10":{"name":"(anonymous_10)","decl":{"start":{"line":99,"column":85},"end":{"line":99,"column":90}},"loc":{"start":{"line":99,"column":90},"end":{"line":99,"column":95}},"line":99},"11":{"name":"(anonymous_11)","decl":{"start":{"line":105,"column":71},"end":{"line":105,"column":77}},"loc":{"start":{"line":105,"column":77},"end":{"line":105,"column":98}},"line":105},"12":{"name":"(anonymous_12)","decl":{"start":{"line":105,"column":85},"end":{"line":105,"column":90}},"loc":{"start":{"line":105,"column":90},"end":{"line":105,"column":95}},"line":105}},"branchMap":{"0":{"loc":{"start":{"line":26,"column":21},"end":{"line":26,"column":80}},"type":"cond-expr","locations":[{"start":{"line":26,"column":44},"end":{"line":26,"column":58}},{"start":{"line":26,"column":58},"end":{"line":26,"column":80}}],"line":26},"1":{"loc":{"start":{"line":37,"column":43},"end":{"line":37,"column":72}},"type":"cond-expr","locations":[{"start":{"line":37,"column":61},"end":{"line":37,"column":71}},{"start":{"line":37,"column":71},"end":{"line":37,"column":72}}],"line":37},"2":{"loc":{"start":{"line":39,"column":21},"end":{"line":39,"column":81}},"type":"cond-expr","locations":[{"start":{"line":39,"column":44},"end":{"line":39,"column":58}},{"start":{"line":39,"column":58},"end":{"line":39,"column":81}}],"line":39},"3":{"loc":{"start":{"line":43,"column":4},"end":{"line":43,"column":null}},"type":"if","locations":[{"start":{"line":43,"column":4},"end":{"line":43,"column":null}},{"start":{},"end":{}}],"line":43},"4":{"loc":{"start":{"line":47,"column":13},"end":{"line":47,"column":null}},"type":"binary-expr","locations":[{"start":{"line":47,"column":13},"end":{"line":47,"column":22}},{"start":{"line":47,"column":22},"end":{"line":47,"column":null}}],"line":47},"5":{"loc":{"start":{"line":63,"column":29},"end":{"line":90,"column":null}},"type":"cond-expr","locations":[{"start":{"line":64,"column":32},"end":{"line":64,"column":null}},{"start":{"line":65,"column":32},"end":{"line":90,"column":null}}],"line":63},"6":{"loc":{"start":{"line":82,"column":44},"end":{"line":83,"column":null}},"type":"cond-expr","locations":[{"start":{"line":82,"column":85},"end":{"line":82,"column":null}},{"start":{"line":83,"column":44},"end":{"line":83,"column":null}}],"line":82},"7":{"loc":{"start":{"line":83,"column":44},"end":{"line":83,"column":null}},"type":"cond-expr","locations":[{"start":{"line":83,"column":85},"end":{"line":83,"column":99}},{"start":{"line":83,"column":99},"end":{"line":83,"column":null}}],"line":83},"8":{"loc":{"start":{"line":85,"column":45},"end":{"line":85,"column":null}},"type":"binary-expr","locations":[{"start":{"line":85,"column":45},"end":{"line":85,"column":72}},{"start":{"line":85,"column":72},"end":{"line":85,"column":null}}],"line":85},"9":{"loc":{"start":{"line":95,"column":17},"end":{"line":108,"column":null}},"type":"binary-expr","locations":[{"start":{"line":95,"column":17},"end":{"line":95,"column":null}},{"start":{"line":96,"column":20},"end":{"line":108,"column":null}}],"line":95},"10":{"loc":{"start":{"line":98,"column":56},"end":{"line":98,"column":83}},"type":"cond-expr","locations":[{"start":{"line":98,"column":68},"end":{"line":98,"column":81}},{"start":{"line":98,"column":81},"end":{"line":98,"column":83}}],"line":98},"11":{"loc":{"start":{"line":104,"column":56},"end":{"line":104,"column":92}},"type":"cond-expr","locations":[{"start":{"line":104,"column":77},"end":{"line":104,"column":90}},{"start":{"line":104,"column":90},"end":{"line":104,"column":92}}],"line":104}},"s":{"0":1,"1":6,"2":6,"3":6,"4":6,"5":6,"6":6,"7":3,"8":3,"9":3,"10":2,"11":2,"12":1,"13":3,"14":6,"15":3,"16":6,"17":0,"18":0,"19":0,"20":0,"21":0,"22":0,"23":6,"24":3,"25":3,"26":2,"27":0,"28":8,"29":0,"30":0,"31":0,"32":0},"f":{"0":6,"1":3,"2":3,"3":0,"4":0,"5":0,"6":2,"7":0,"8":8,"9":0,"10":0,"11":0,"12":0},"b":{"0":[1,0],"1":[0,0],"2":[0,0],"3":[3,3],"4":[3,1],"5":[2,1],"6":[1,1],"7":[0,1],"8":[2,0],"9":[6,0],"10":[0,0],"11":[0,0]},"meta":{"lastBranch":12,"lastFunction":13,"lastStatement":33,"seen":{"s:5:52:10:Infinity":0,"f:12:16:12:36":0,"s:13:26:13:Infinity":1,"s:14:30:14:Infinity":2,"s:15:26:15:Infinity":3,"s:16:24:16:Infinity":4,"s:17:36:17:Infinity":5,"s:19:10:30:Infinity":6,"f:19:35:19:47":1,"s:20:8:20:Infinity":7,"s:21:8:29:Infinity":8,"s:22:29:22:Infinity":9,"s:23:12:23:Infinity":10,"s:24:12:24:Infinity":11,"s:26:12:26:Infinity":12,"b:26:44:26:58:26:58:26:80":0,"s:28:12:28:Infinity":13,"s:32:4:32:Infinity":14,"f:32:14:32:20":2,"s:32:22:32:36":15,"s:34:29:41:Infinity":16,"f:34:29:34:36":3,"s:35:8:40:Infinity":17,"s:36:28:36:Infinity":18,"s:37:12:37:Infinity":19,"f:37:21:37:29":4,"s:37:29:37:73":20,"f:37:38:37:43":5,"s:37:43:37:72":21,"b:37:61:37:71:37:71:37:72":1,"s:39:12:39:Infinity":22,"b:39:44:39:58:39:58:39:81":2,"b:43:4:43:Infinity:undefined:undefined:undefined:undefined":3,"s:43:4:43:Infinity":23,"s:43:17:43:Infinity":24,"s:45:4:111:Infinity":25,"b:47:13:47:22:47:22:47:Infinity":4,"b:64:32:64:Infinity:65:32:90:Infinity":5,"f:65:42:65:Infinity":6,"s:66:32:89:Infinity":26,"f:73:54:73:59":7,"s:73:59:73:Infinity":27,"f:75:55:75:Infinity":8,"s:76:48:76:Infinity":28,"b:82:85:82:Infinity:83:44:83:Infinity":6,"b:83:85:83:99:83:99:83:Infinity":7,"b:85:45:85:72:85:72:85:Infinity":8,"b:95:17:95:Infinity:96:20:108:Infinity":9,"b:98:68:98:81:98:81:98:83":10,"f:99:71:99:77":9,"s:99:77:99:98":29,"f:99:85:99:90":10,"s:99:90:99:95":30,"b:104:77:104:90:104:90:104:92":11,"f:105:71:105:77":11,"s:105:77:105:98":31,"f:105:85:105:90":12,"s:105:90:105:95":32}}}
,"/home/cwnelson/Dev/portfolio/10xlegal-prototype/src/admin/admin-login.css": {"path":"/home/cwnelson/Dev/portfolio/10xlegal-prototype/src/admin/admin-login.css","statementMap":{},"fnMap":{},"branchMap":{},"s":{},"f":{},"b":{},"meta":{"lastBranch":0,"lastFunction":0,"lastStatement":0,"seen":{}}}
,"/home/cwnelson/Dev/portfolio/10xlegal-prototype/src/admin/admin.css": {"path":"/home/cwnelson/Dev/portfolio/10xlegal-prototype/src/admin/admin.css","statementMap":{},"fnMap":{},"branchMap":{},"s":{},"f":{},"b":{},"meta":{"lastBranch":0,"lastFunction":0,"lastStatement":0,"seen":{}}}
,"/home/cwnelson/Dev/portfolio/10xlegal-prototype/src/admin/admin.tsx": {"path":"/home/cwnelson/Dev/portfolio/10xlegal-prototype/src/admin/admin.tsx","statementMap":{"0":{"start":{"line":11,"column":49},"end":{"line":17,"column":null}},"1":{"start":{"line":20,"column":34},"end":{"line":20,"column":null}},"2":{"start":{"line":22,"column":4},"end":{"line":53,"column":null}},"3":{"start":{"line":34,"column":24},"end":{"line":41,"column":null}},"4":{"start":{"line":37,"column":47},"end":{"line":37,"column":null}}},"fnMap":{"0":{"name":"Admin","decl":{"start":{"line":19,"column":16},"end":{"line":19,"column":24}},"loc":{"start":{"line":19,"column":24},"end":{"line":55,"column":null}},"line":19},"1":{"name":"(anonymous_1)","decl":{"start":{"line":33,"column":30},"end":{"line":33,"column":null}},"loc":{"start":{"line":34,"column":24},"end":{"line":41,"column":null}},"line":34},"2":{"name":"(anonymous_2)","decl":{"start":{"line":37,"column":41},"end":{"line":37,"column":47}},"loc":{"start":{"line":37,"column":47},"end":{"line":37,"column":null}},"line":37}},"branchMap":{"0":{"loc":{"start":{"line":36,"column":55},"end":{"line":36,"column":92}},"type":"cond-expr","locations":[{"start":{"line":36,"column":79},"end":{"line":36,"column":90}},{"start":{"line":36,"column":90},"end":{"line":36,"column":92}}],"line":36},"1":{"loc":{"start":{"line":47,"column":17},"end":{"line":47,"column":null}},"type":"binary-expr","locations":[{"start":{"line":47,"column":17},"end":{"line":47,"column":43}},{"start":{"line":47,"column":43},"end":{"line":47,"column":null}}],"line":47},"2":{"loc":{"start":{"line":48,"column":17},"end":{"line":48,"column":null}},"type":"binary-expr","locations":[{"start":{"line":48,"column":17},"end":{"line":48,"column":42}},{"start":{"line":48,"column":42},"end":{"line":48,"column":null}}],"line":48},"3":{"loc":{"start":{"line":49,"column":17},"end":{"line":49,"column":null}},"type":"binary-expr","locations":[{"start":{"line":49,"column":17},"end":{"line":49,"column":45}},{"start":{"line":49,"column":45},"end":{"line":49,"column":null}}],"line":49},"4":{"loc":{"start":{"line":50,"column":17},"end":{"line":50,"column":null}},"type":"binary-expr","locations":[{"start":{"line":50,"column":17},"end":{"line":50,"column":44}},{"start":{"line":50,"column":44},"end":{"line":50,"column":null}}],"line":50},"5":{"loc":{"start":{"line":51,"column":17},"end":{"line":51,"column":null}},"type":"binary-expr","locations":[{"start":{"line":51,"column":17},"end":{"line":51,"column":42}},{"start":{"line":51,"column":42},"end":{"line":51,"column":null}}],"line":51}},"s":{"0":1,"1":11,"2":11,"3":55,"4":4},"f":{"0":11,"1":55,"2":4},"b":{"0":[11,44],"1":[11,7],"2":[11,1],"3":[11,1],"4":[11,1],"5":[11,1]},"meta":{"lastBranch":6,"lastFunction":3,"lastStatement":5,"seen":{"s:11:49:17:Infinity":0,"f:19:16:19:24":0,"s:20:34:20:Infinity":1,"s:22:4:53:Infinity":2,"f:33:30:33:Infinity":1,"s:34:24:41:Infinity":3,"b:36:79:36:90:36:90:36:92":0,"f:37:41:37:47":2,"s:37:47:37:Infinity":4,"b:47:17:47:43:47:43:47:Infinity":1,"b:48:17:48:42:48:42:48:Infinity":2,"b:49:17:49:45:49:45:49:Infinity":3,"b:50:17:50:44:50:44:50:Infinity":4,"b:51:17:51:42:51:42:51:Infinity":5}}}
,"/home/cwnelson/Dev/portfolio/10xlegal-prototype/src/admin/parseFile.ts": {"path":"/home/cwnelson/Dev/portfolio/10xlegal-prototype/src/admin/parseFile.ts","statementMap":{"0":{"start":{"line":12,"column":49},"end":{"line":23,"column":null}},"1":{"start":{"line":26,"column":16},"end":{"line":26,"column":null}},"2":{"start":{"line":27,"column":4},"end":{"line":27,"column":null}},"3":{"start":{"line":27,"column":41},"end":{"line":27,"column":null}},"4":{"start":{"line":28,"column":4},"end":{"line":28,"column":null}},"5":{"start":{"line":32,"column":19},"end":{"line":32,"column":null}},"6":{"start":{"line":33,"column":21},"end":{"line":33,"column":null}},"7":{"start":{"line":35,"column":4},"end":{"line":37,"column":null}},"8":{"start":{"line":36,"column":8},"end":{"line":36,"column":null}},"9":{"start":{"line":39,"column":37},"end":{"line":39,"column":null}},"10":{"start":{"line":41,"column":4},"end":{"line":52,"column":null}},"11":{"start":{"line":42,"column":25},"end":{"line":42,"column":null}},"12":{"start":{"line":43,"column":8},"end":{"line":43,"column":null}},"13":{"start":{"line":43,"column":23},"end":{"line":43,"column":null}},"14":{"start":{"line":45,"column":26},"end":{"line":45,"column":null}},"15":{"start":{"line":46,"column":21},"end":{"line":46,"column":null}},"16":{"start":{"line":48,"column":8},"end":{"line":48,"column":null}},"17":{"start":{"line":48,"column":31},"end":{"line":48,"column":null}},"18":{"start":{"line":50,"column":24},"end":{"line":50,"column":null}},"19":{"start":{"line":51,"column":8},"end":{"line":51,"column":null}},"20":{"start":{"line":54,"column":4},"end":{"line":54,"column":null}}},"fnMap":{"0":{"name":"detectFormat","decl":{"start":{"line":25,"column":16},"end":{"line":25,"column":29}},"loc":{"start":{"line":25,"column":62},"end":{"line":29,"column":null}},"line":25},"1":{"name":"parseFile","decl":{"start":{"line":31,"column":22},"end":{"line":31,"column":32}},"loc":{"start":{"line":31,"column":71},"end":{"line":55,"column":null}},"line":31}},"branchMap":{"0":{"loc":{"start":{"line":27,"column":4},"end":{"line":27,"column":null}},"type":"if","locations":[{"start":{"line":27,"column":4},"end":{"line":27,"column":null}},{"start":{},"end":{}}],"line":27},"1":{"loc":{"start":{"line":27,"column":8},"end":{"line":27,"column":41}},"type":"binary-expr","locations":[{"start":{"line":27,"column":8},"end":{"line":27,"column":26}},{"start":{"line":27,"column":26},"end":{"line":27,"column":41}}],"line":27},"2":{"loc":{"start":{"line":35,"column":4},"end":{"line":37,"column":null}},"type":"if","locations":[{"start":{"line":35,"column":4},"end":{"line":37,"column":null}},{"start":{},"end":{}}],"line":35},"3":{"loc":{"start":{"line":43,"column":8},"end":{"line":43,"column":null}},"type":"if","locations":[{"start":{"line":43,"column":8},"end":{"line":43,"column":null}},{"start":{},"end":{}}],"line":43},"4":{"loc":{"start":{"line":48,"column":8},"end":{"line":48,"column":null}},"type":"if","locations":[{"start":{"line":48,"column":8},"end":{"line":48,"column":null}},{"start":{},"end":{}}],"line":48}},"s":{"0":1,"1":6,"2":6,"3":3,"4":3,"5":0,"6":0,"7":0,"8":0,"9":0,"10":0,"11":0,"12":0,"13":0,"14":0,"15":0,"16":0,"17":0,"18":0,"19":0,"20":0},"f":{"0":6,"1":0},"b":{"0":[3,3],"1":[6,4],"2":[0,0],"3":[0,0],"4":[0,0]},"meta":{"lastBranch":5,"lastFunction":2,"lastStatement":21,"seen":{"s:12:49:23:Infinity":0,"f:25:16:25:29":0,"s:26:16:26:Infinity":1,"b:27:4:27:Infinity:undefined:undefined:undefined:undefined":0,"s:27:4:27:Infinity":2,"b:27:8:27:26:27:26:27:41":1,"s:27:41:27:Infinity":3,"s:28:4:28:Infinity":4,"f:31:22:31:32":1,"s:32:19:32:Infinity":5,"s:33:21:33:Infinity":6,"b:35:4:37:Infinity:undefined:undefined:undefined:undefined":2,"s:35:4:37:Infinity":7,"s:36:8:36:Infinity":8,"s:39:37:39:Infinity":9,"s:41:4:52:Infinity":10,"s:42:25:42:Infinity":11,"b:43:8:43:Infinity:undefined:undefined:undefined:undefined":3,"s:43:8:43:Infinity":12,"s:43:23:43:Infinity":13,"s:45:26:45:Infinity":14,"s:46:21:46:Infinity":15,"b:48:8:48:Infinity:undefined:undefined:undefined:undefined":4,"s:48:8:48:Infinity":16,"s:48:31:48:Infinity":17,"s:50:24:50:Infinity":18,"s:51:8:51:Infinity":19,"s:54:4:54:Infinity":20}}}
,"/home/cwnelson/Dev/portfolio/10xlegal-prototype/src/admin/transformCSAM.ts": {"path":"/home/cwnelson/Dev/portfolio/10xlegal-prototype/src/admin/transformCSAM.ts","statementMap":{"0":{"start":{"line":4,"column":25},"end":{"line":8,"column":null}},"1":{"start":{"line":11,"column":16},"end":{"line":11,"column":null}},"2":{"start":{"line":11,"column":36},"end":{"line":11,"column":58}},"3":{"start":{"line":12,"column":2},"end":{"line":12,"column":null}},"4":{"start":{"line":12,"column":39},"end":{"line":12,"column":59}},"5":{"start":{"line":25,"column":2},"end":{"line":25,"column":null}},"6":{"start":{"line":25,"column":19},"end":{"line":25,"column":null}},"7":{"start":{"line":26,"column":2},"end":{"line":26,"column":null}},"8":{"start":{"line":30,"column":2},"end":{"line":30,"column":null}},"9":{"start":{"line":30,"column":52},"end":{"line":30,"column":67}},"10":{"start":{"line":34,"column":18},"end":{"line":34,"column":null}},"11":{"start":{"line":35,"column":2},"end":{"line":35,"column":null}},"12":{"start":{"line":35,"column":16},"end":{"line":35,"column":null}},"13":{"start":{"line":36,"column":2},"end":{"line":40,"column":null}},"14":{"start":{"line":37,"column":28},"end":{"line":37,"column":null}},"15":{"start":{"line":38,"column":18},"end":{"line":38,"column":null}},"16":{"start":{"line":39,"column":4},"end":{"line":39,"column":null}},"17":{"start":{"line":39,"column":23},"end":{"line":39,"column":null}},"18":{"start":{"line":41,"column":2},"end":{"line":41,"column":null}},"19":{"start":{"line":45,"column":12},"end":{"line":45,"column":null}},"20":{"start":{"line":46,"column":2},"end":{"line":46,"column":null}},"21":{"start":{"line":46,"column":54},"end":{"line":46,"column":null}},"22":{"start":{"line":47,"column":2},"end":{"line":47,"column":null}},"23":{"start":{"line":51,"column":14},"end":{"line":51,"column":null}},"24":{"start":{"line":52,"column":20},"end":{"line":54,"column":null}},"25":{"start":{"line":53,"column":9},"end":{"line":53,"column":null}},"26":{"start":{"line":55,"column":2},"end":{"line":55,"column":null}},"27":{"start":{"line":55,"column":18},"end":{"line":55,"column":null}},"28":{"start":{"line":57,"column":16},"end":{"line":57,"column":null}},"29":{"start":{"line":58,"column":15},"end":{"line":58,"column":null}},"30":{"start":{"line":60,"column":2},"end":{"line":67,"column":null}},"31":{"start":{"line":61,"column":20},"end":{"line":61,"column":null}},"32":{"start":{"line":62,"column":4},"end":{"line":62,"column":null}},"33":{"start":{"line":62,"column":38},"end":{"line":62,"column":null}},"34":{"start":{"line":63,"column":4},"end":{"line":66,"column":null}},"35":{"start":{"line":69,"column":2},"end":{"line":69,"column":null}},"36":{"start":{"line":86,"column":20},"end":{"line":88,"column":null}},"37":{"start":{"line":87,"column":9},"end":{"line":87,"column":null}},"38":{"start":{"line":89,"column":2},"end":{"line":89,"column":null}},"39":{"start":{"line":89,"column":18},"end":{"line":89,"column":null}},"40":{"start":{"line":91,"column":16},"end":{"line":91,"column":null}},"41":{"start":{"line":92,"column":15},"end":{"line":92,"column":null}},"42":{"start":{"line":95,"column":18},"end":{"line":95,"column":null}},"43":{"start":{"line":96,"column":2},"end":{"line":105,"column":null}},"44":{"start":{"line":97,"column":20},"end":{"line":97,"column":null}},"45":{"start":{"line":98,"column":4},"end":{"line":98,"column":null}},"46":{"start":{"line":98,"column":18},"end":{"line":98,"column":null}},"47":{"start":{"line":99,"column":21},"end":{"line":99,"column":null}},"48":{"start":{"line":100,"column":4},"end":{"line":104,"column":null}},"49":{"start":{"line":101,"column":6},"end":{"line":101,"column":null}},"50":{"start":{"line":103,"column":6},"end":{"line":103,"column":null}},"51":{"start":{"line":107,"column":26},"end":{"line":107,"column":null}},"52":{"start":{"line":108,"column":2},"end":{"line":153,"column":null}},"53":{"start":{"line":109,"column":18},"end":{"line":109,"column":null}},"54":{"start":{"line":110,"column":21},"end":{"line":110,"column":null}},"55":{"start":{"line":112,"column":35},"end":{"line":120,"column":null}},"56":{"start":{"line":112,"column":54},"end":{"line":120,"column":6}},"57":{"start":{"line":122,"column":24},"end":{"line":122,"column":null}},"58":{"start":{"line":123,"column":21},"end":{"line":123,"column":null}},"59":{"start":{"line":124,"column":25},"end":{"line":124,"column":null}},"60":{"start":{"line":126,"column":26},"end":{"line":129,"column":null}},"61":{"start":{"line":127,"column":20},"end":{"line":127,"column":null}},"62":{"start":{"line":128,"column":6},"end":{"line":128,"column":null}},"63":{"start":{"line":131,"column":4},"end":{"line":152,"column":null}},"64":{"start":{"line":155,"column":2},"end":{"line":155,"column":null}},"65":{"start":{"line":159,"column":20},"end":{"line":161,"column":null}},"66":{"start":{"line":160,"column":9},"end":{"line":160,"column":null}},"67":{"start":{"line":162,"column":2},"end":{"line":162,"column":null}},"68":{"start":{"line":162,"column":18},"end":{"line":162,"column":null}},"69":{"start":{"line":164,"column":16},"end":{"line":164,"column":null}},"70":{"start":{"line":165,"column":15},"end":{"line":165,"column":null}},"71":{"start":{"line":167,"column":18},"end":{"line":167,"column":null}},"72":{"start":{"line":168,"column":2},"end":{"line":177,"column":null}},"73":{"start":{"line":169,"column":20},"end":{"line":169,"column":null}},"74":{"start":{"line":170,"column":4},"end":{"line":170,"column":null}},"75":{"start":{"line":170,"column":18},"end":{"line":170,"column":null}},"76":{"start":{"line":171,"column":21},"end":{"line":171,"column":null}},"77":{"start":{"line":172,"column":4},"end":{"line":176,"column":null}},"78":{"start":{"line":173,"column":6},"end":{"line":173,"column":null}},"79":{"start":{"line":175,"column":6},"end":{"line":175,"column":null}},"80":{"start":{"line":179,"column":26},"end":{"line":179,"column":null}},"81":{"start":{"line":180,"column":2},"end":{"line":225,"column":null}},"82":{"start":{"line":181,"column":18},"end":{"line":181,"column":null}},"83":{"start":{"line":183,"column":35},"end":{"line":191,"column":null}},"84":{"start":{"line":183,"column":54},"end":{"line":191,"column":6}},"85":{"start":{"line":193,"column":24},"end":{"line":193,"column":null}},"86":{"start":{"line":194,"column":21},"end":{"line":194,"column":null}},"87":{"start":{"line":195,"column":25},"end":{"line":195,"column":null}},"88":{"start":{"line":196,"column":28},"end":{"line":196,"column":null}},"89":{"start":{"line":198,"column":26},"end":{"line":201,"column":null}},"90":{"start":{"line":199,"column":20},"end":{"line":199,"column":null}},"91":{"start":{"line":200,"column":6},"end":{"line":200,"column":null}},"92":{"start":{"line":203,"column":4},"end":{"line":224,"column":null}},"93":{"start":{"line":227,"column":2},"end":{"line":227,"column":null}},"94":{"start":{"line":231,"column":22},"end":{"line":231,"column":null}},"95":{"start":{"line":232,"column":24},"end":{"line":232,"column":null}},"96":{"start":{"line":233,"column":23},"end":{"line":233,"column":null}},"97":{"start":{"line":234,"column":19},"end":{"line":234,"column":null}},"98":{"start":{"line":236,"column":2},"end":{"line":236,"column":null}},"99":{"start":{"line":236,"column":29},"end":{"line":236,"column":null}},"100":{"start":{"line":238,"column":18},"end":{"line":238,"column":null}},"101":{"start":{"line":239,"column":2},"end":{"line":241,"column":null}}},"fnMap":{"0":{"name":"isCSAMFormat","decl":{"start":{"line":10,"column":16},"end":{"line":10,"column":29}},"loc":{"start":{"line":10,"column":60},"end":{"line":13,"column":null}},"line":10},"1":{"name":"(anonymous_1)","decl":{"start":{"line":11,"column":31},"end":{"line":11,"column":36}},"loc":{"start":{"line":11,"column":36},"end":{"line":11,"column":58}},"line":11},"2":{"name":"(anonymous_2)","decl":{"start":{"line":12,"column":31},"end":{"line":12,"column":39}},"loc":{"start":{"line":12,"column":39},"end":{"line":12,"column":59}},"line":12},"3":{"name":"str","decl":{"start":{"line":24,"column":9},"end":{"line":24,"column":13}},"loc":{"start":{"line":24,"column":35},"end":{"line":27,"column":null}},"line":24},"4":{"name":"toTitleCase","decl":{"start":{"line":29,"column":9},"end":{"line":29,"column":21}},"loc":{"start":{"line":29,"column":43},"end":{"line":31,"column":null}},"line":29},"5":{"name":"(anonymous_5)","decl":{"start":{"line":30,"column":45},"end":{"line":30,"column":46}},"loc":{"start":{"line":30,"column":52},"end":{"line":30,"column":67}},"line":30},"6":{"name":"normalizeAttorneyName","decl":{"start":{"line":33,"column":9},"end":{"line":33,"column":31}},"loc":{"start":{"line":33,"column":52},"end":{"line":42,"column":null}},"line":33},"7":{"name":"deriveStatus","decl":{"start":{"line":44,"column":9},"end":{"line":44,"column":22}},"loc":{"start":{"line":44,"column":51},"end":{"line":48,"column":null}},"line":44},"8":{"name":"parseAttorneySheet","decl":{"start":{"line":50,"column":9},"end":{"line":50,"column":28}},"loc":{"start":{"line":50,"column":80},"end":{"line":70,"column":null}},"line":50},"9":{"name":"(anonymous_9)","decl":{"start":{"line":53,"column":4},"end":{"line":53,"column":9}},"loc":{"start":{"line":53,"column":9},"end":{"line":53,"column":null}},"line":53},"10":{"name":"aggregateDistrictCourt","decl":{"start":{"line":82,"column":9},"end":{"line":82,"column":null}},"loc":{"start":{"line":85,"column":12},"end":{"line":156,"column":null}},"line":85},"11":{"name":"(anonymous_11)","decl":{"start":{"line":87,"column":4},"end":{"line":87,"column":9}},"loc":{"start":{"line":87,"column":9},"end":{"line":87,"column":null}},"line":87},"12":{"name":"(anonymous_12)","decl":{"start":{"line":112,"column":48},"end":{"line":112,"column":54}},"loc":{"start":{"line":112,"column":54},"end":{"line":120,"column":6}},"line":112},"13":{"name":"(anonymous_13)","decl":{"start":{"line":126,"column":39},"end":{"line":126,"column":44}},"loc":{"start":{"line":126,"column":44},"end":{"line":129,"column":5}},"line":126},"14":{"name":"aggregateJusticeCourt","decl":{"start":{"line":158,"column":9},"end":{"line":158,"column":31}},"loc":{"start":{"line":158,"column":66},"end":{"line":228,"column":null}},"line":158},"15":{"name":"(anonymous_15)","decl":{"start":{"line":160,"column":4},"end":{"line":160,"column":9}},"loc":{"start":{"line":160,"column":9},"end":{"line":160,"column":null}},"line":160},"16":{"name":"(anonymous_16)","decl":{"start":{"line":183,"column":48},"end":{"line":183,"column":54}},"loc":{"start":{"line":183,"column":54},"end":{"line":191,"column":6}},"line":183},"17":{"name":"(anonymous_17)","decl":{"start":{"line":198,"column":39},"end":{"line":198,"column":44}},"loc":{"start":{"line":198,"column":44},"end":{"line":201,"column":5}},"line":198},"18":{"name":"transformCSAM","decl":{"start":{"line":230,"column":16},"end":{"line":230,"column":30}},"loc":{"start":{"line":230,"column":73},"end":{"line":242,"column":null}},"line":230}},"branchMap":{"0":{"loc":{"start":{"line":25,"column":2},"end":{"line":25,"column":null}},"type":"if","locations":[{"start":{"line":25,"column":2},"end":{"line":25,"column":null}},{"start":{},"end":{}}],"line":25},"1":{"loc":{"start":{"line":35,"column":2},"end":{"line":35,"column":null}},"type":"if","locations":[{"start":{"line":35,"column":2},"end":{"line":35,"column":null}},{"start":{},"end":{}}],"line":35},"2":{"loc":{"start":{"line":36,"column":2},"end":{"line":40,"column":null}},"type":"if","locations":[{"start":{"line":36,"column":2},"end":{"line":40,"column":null}},{"start":{},"end":{}}],"line":36},"3":{"loc":{"start":{"line":39,"column":4},"end":{"line":39,"column":null}},"type":"if","locations":[{"start":{"line":39,"column":4},"end":{"line":39,"column":null}},{"start":{},"end":{}}],"line":39},"4":{"loc":{"start":{"line":39,"column":8},"end":{"line":39,"column":23}},"type":"binary-expr","locations":[{"start":{"line":39,"column":8},"end":{"line":39,"column":17}},{"start":{"line":39,"column":17},"end":{"line":39,"column":23}}],"line":39},"5":{"loc":{"start":{"line":46,"column":2},"end":{"line":46,"column":null}},"type":"if","locations":[{"start":{"line":46,"column":2},"end":{"line":46,"column":null}},{"start":{},"end":{}}],"line":46},"6":{"loc":{"start":{"line":46,"column":6},"end":{"line":46,"column":54}},"type":"binary-expr","locations":[{"start":{"line":46,"column":6},"end":{"line":46,"column":32}},{"start":{"line":46,"column":32},"end":{"line":46,"column":54}}],"line":46},"7":{"loc":{"start":{"line":55,"column":2},"end":{"line":55,"column":null}},"type":"if","locations":[{"start":{"line":55,"column":2},"end":{"line":55,"column":null}},{"start":{},"end":{}}],"line":55},"8":{"loc":{"start":{"line":62,"column":4},"end":{"line":62,"column":null}},"type":"if","locations":[{"start":{"line":62,"column":4},"end":{"line":62,"column":null}},{"start":{},"end":{}}],"line":62},"9":{"loc":{"start":{"line":62,"column":8},"end":{"line":62,"column":38}},"type":"binary-expr","locations":[{"start":{"line":62,"column":8},"end":{"line":62,"column":20}},{"start":{"line":62,"column":20},"end":{"line":62,"column":38}}],"line":62},"10":{"loc":{"start":{"line":89,"column":2},"end":{"line":89,"column":null}},"type":"if","locations":[{"start":{"line":89,"column":2},"end":{"line":89,"column":null}},{"start":{},"end":{}}],"line":89},"11":{"loc":{"start":{"line":98,"column":4},"end":{"line":98,"column":null}},"type":"if","locations":[{"start":{"line":98,"column":4},"end":{"line":98,"column":null}},{"start":{},"end":{}}],"line":98},"12":{"loc":{"start":{"line":100,"column":4},"end":{"line":104,"column":null}},"type":"if","locations":[{"start":{"line":100,"column":4},"end":{"line":104,"column":null}},{"start":{"line":102,"column":11},"end":{"line":104,"column":null}}],"line":100},"13":{"loc":{"start":{"line":140,"column":18},"end":{"line":140,"column":null}},"type":"binary-expr","locations":[{"start":{"line":140,"column":18},"end":{"line":140,"column":30}},{"start":{"line":140,"column":30},"end":{"line":140,"column":null}}],"line":140},"14":{"loc":{"start":{"line":146,"column":24},"end":{"line":146,"column":null}},"type":"binary-expr","locations":[{"start":{"line":146,"column":24},"end":{"line":146,"column":46}},{"start":{"line":146,"column":46},"end":{"line":146,"column":null}}],"line":146},"15":{"loc":{"start":{"line":147,"column":28},"end":{"line":147,"column":null}},"type":"binary-expr","locations":[{"start":{"line":147,"column":28},"end":{"line":147,"column":50}},{"start":{"line":147,"column":50},"end":{"line":147,"column":null}}],"line":147},"16":{"loc":{"start":{"line":162,"column":2},"end":{"line":162,"column":null}},"type":"if","locations":[{"start":{"line":162,"column":2},"end":{"line":162,"column":null}},{"start":{},"end":{}}],"line":162},"17":{"loc":{"start":{"line":170,"column":4},"end":{"line":170,"column":null}},"type":"if","locations":[{"start":{"line":170,"column":4},"end":{"line":170,"column":null}},{"start":{},"end":{}}],"line":170},"18":{"loc":{"start":{"line":172,"column":4},"end":{"line":176,"column":null}},"type":"if","locations":[{"start":{"line":172,"column":4},"end":{"line":176,"column":null}},{"start":{"line":174,"column":11},"end":{"line":176,"column":null}}],"line":172},"19":{"loc":{"start":{"line":212,"column":18},"end":{"line":212,"column":null}},"type":"binary-expr","locations":[{"start":{"line":212,"column":18},"end":{"line":212,"column":30}},{"start":{"line":212,"column":30},"end":{"line":212,"column":null}}],"line":212},"20":{"loc":{"start":{"line":213,"column":14},"end":{"line":213,"column":null}},"type":"binary-expr","locations":[{"start":{"line":213,"column":14},"end":{"line":213,"column":33}},{"start":{"line":213,"column":33},"end":{"line":213,"column":null}}],"line":213},"21":{"loc":{"start":{"line":236,"column":2},"end":{"line":236,"column":null}},"type":"if","locations":[{"start":{"line":236,"column":2},"end":{"line":236,"column":null}},{"start":{},"end":{}}],"line":236}},"s":{"0":2,"1":4,"2":8,"3":4,"4":8,"5":190,"6":88,"7":102,"8":8,"9":14,"10":10,"11":10,"12":2,"13":8,"14":0,"15":0,"16":0,"17":0,"18":8,"19":7,"20":7,"21":3,"22":4,"23":7,"24":7,"25":11,"26":7,"27":3,"28":4,"29":4,"30":4,"31":4,"32":4,"33":1,"34":3,"35":4,"36":7,"37":7,"38":7,"39":2,"40":5,"41":5,"42":5,"43":5,"44":6,"45":6,"46":0,"47":6,"48":6,"49":1,"50":5,"51":5,"52":5,"53":5,"54":5,"55":5,"56":6,"57":5,"58":5,"59":5,"60":5,"61":6,"62":6,"63":5,"64":5,"65":7,"66":12,"67":7,"68":5,"69":2,"70":2,"71":2,"72":2,"73":2,"74":2,"75":0,"76":2,"77":2,"78":0,"79":2,"80":2,"81":2,"82":2,"83":2,"84":2,"85":2,"86":2,"87":2,"88":2,"89":2,"90":2,"91":2,"92":2,"93":2,"94":7,"95":7,"96":7,"97":7,"98":7,"99":1,"100":6,"101":6},"f":{"0":4,"1":8,"2":8,"3":190,"4":8,"5":14,"6":10,"7":7,"8":7,"9":11,"10":7,"11":7,"12":6,"13":6,"14":7,"15":12,"16":2,"17":2,"18":7},"b":{"0":[88,102],"1":[2,8],"2":[0,8],"3":[0,0],"4":[0,0],"5":[3,4],"6":[7,5],"7":[3,4],"8":[1,3],"9":[4,4],"10":[2,5],"11":[0,6],"12":[1,5],"13":[5,4],"14":[5,3],"15":[5,3],"16":[5,2],"17":[0,2],"18":[0,2],"19":[2,1],"20":[2,2],"21":[1,6]},"meta":{"lastBranch":22,"lastFunction":19,"lastStatement":102,"seen":{"s:4:25:8:Infinity":0,"f:10:16:10:29":0,"s:11:16:11:Infinity":1,"f:11:31:11:36":1,"s:11:36:11:58":2,"s:12:2:12:Infinity":3,"f:12:31:12:39":2,"s:12:39:12:59":4,"f:24:9:24:13":3,"b:25:2:25:Infinity:undefined:undefined:undefined:undefined":0,"s:25:2:25:Infinity":5,"s:25:19:25:Infinity":6,"s:26:2:26:Infinity":7,"f:29:9:29:21":4,"s:30:2:30:Infinity":8,"f:30:45:30:46":5,"s:30:52:30:67":9,"f:33:9:33:31":6,"s:34:18:34:Infinity":10,"b:35:2:35:Infinity:undefined:undefined:undefined:undefined":1,"s:35:2:35:Infinity":11,"s:35:16:35:Infinity":12,"b:36:2:40:Infinity:undefined:undefined:undefined:undefined":2,"s:36:2:40:Infinity":13,"s:37:28:37:Infinity":14,"s:38:18:38:Infinity":15,"b:39:4:39:Infinity:undefined:undefined:undefined:undefined":3,"s:39:4:39:Infinity":16,"b:39:8:39:17:39:17:39:23":4,"s:39:23:39:Infinity":17,"s:41:2:41:Infinity":18,"f:44:9:44:22":7,"s:45:12:45:Infinity":19,"b:46:2:46:Infinity:undefined:undefined:undefined:undefined":5,"s:46:2:46:Infinity":20,"b:46:6:46:32:46:32:46:54":6,"s:46:54:46:Infinity":21,"s:47:2:47:Infinity":22,"f:50:9:50:28":8,"s:51:14:51:Infinity":23,"s:52:20:54:Infinity":24,"f:53:4:53:9":9,"s:53:9:53:Infinity":25,"b:55:2:55:Infinity:undefined:undefined:undefined:undefined":7,"s:55:2:55:Infinity":26,"s:55:18:55:Infinity":27,"s:57:16:57:Infinity":28,"s:58:15:58:Infinity":29,"s:60:2:67:Infinity":30,"s:61:20:61:Infinity":31,"b:62:4:62:Infinity:undefined:undefined:undefined:undefined":8,"s:62:4:62:Infinity":32,"b:62:8:62:20:62:20:62:38":9,"s:62:38:62:Infinity":33,"s:63:4:66:Infinity":34,"s:69:2:69:Infinity":35,"f:82:9:82:Infinity":10,"s:86:20:88:Infinity":36,"f:87:4:87:9":11,"s:87:9:87:Infinity":37,"b:89:2:89:Infinity:undefined:undefined:undefined:undefined":10,"s:89:2:89:Infinity":38,"s:89:18:89:Infinity":39,"s:91:16:91:Infinity":40,"s:92:15:92:Infinity":41,"s:95:18:95:Infinity":42,"s:96:2:105:Infinity":43,"s:97:20:97:Infinity":44,"b:98:4:98:Infinity:undefined:undefined:undefined:undefined":11,"s:98:4:98:Infinity":45,"s:98:18:98:Infinity":46,"s:99:21:99:Infinity":47,"b:100:4:104:Infinity:102:11:104:Infinity":12,"s:100:4:104:Infinity":48,"s:101:6:101:Infinity":49,"s:103:6:103:Infinity":50,"s:107:26:107:Infinity":51,"s:108:2:153:Infinity":52,"s:109:18:109:Infinity":53,"s:110:21:110:Infinity":54,"s:112:35:120:Infinity":55,"f:112:48:112:54":12,"s:112:54:120:6":56,"s:122:24:122:Infinity":57,"s:123:21:123:Infinity":58,"s:124:25:124:Infinity":59,"s:126:26:129:Infinity":60,"f:126:39:126:44":13,"s:127:20:127:Infinity":61,"s:128:6:128:Infinity":62,"s:131:4:152:Infinity":63,"b:140:18:140:30:140:30:140:Infinity":13,"b:146:24:146:46:146:46:146:Infinity":14,"b:147:28:147:50:147:50:147:Infinity":15,"s:155:2:155:Infinity":64,"f:158:9:158:31":14,"s:159:20:161:Infinity":65,"f:160:4:160:9":15,"s:160:9:160:Infinity":66,"b:162:2:162:Infinity:undefined:undefined:undefined:undefined":16,"s:162:2:162:Infinity":67,"s:162:18:162:Infinity":68,"s:164:16:164:Infinity":69,"s:165:15:165:Infinity":70,"s:167:18:167:Infinity":71,"s:168:2:177:Infinity":72,"s:169:20:169:Infinity":73,"b:170:4:170:Infinity:undefined:undefined:undefined:undefined":17,"s:170:4:170:Infinity":74,"s:170:18:170:Infinity":75,"s:171:21:171:Infinity":76,"b:172:4:176:Infinity:174:11:176:Infinity":18,"s:172:4:176:Infinity":77,"s:173:6:173:Infinity":78,"s:175:6:175:Infinity":79,"s:179:26:179:Infinity":80,"s:180:2:225:Infinity":81,"s:181:18:181:Infinity":82,"s:183:35:191:Infinity":83,"f:183:48:183:54":16,"s:183:54:191:6":84,"s:193:24:193:Infinity":85,"s:194:21:194:Infinity":86,"s:195:25:195:Infinity":87,"s:196:28:196:Infinity":88,"s:198:26:201:Infinity":89,"f:198:39:198:44":17,"s:199:20:199:Infinity":90,"s:200:6:200:Infinity":91,"s:203:4:224:Infinity":92,"b:212:18:212:30:212:30:212:Infinity":19,"b:213:14:213:33:213:33:213:Infinity":20,"s:227:2:227:Infinity":93,"f:230:16:230:30":18,"s:231:22:231:Infinity":94,"s:232:24:232:Infinity":95,"s:233:23:233:Infinity":96,"s:234:19:234:Infinity":97,"b:236:2:236:Infinity:undefined:undefined:undefined:undefined":21,"s:236:2:236:Infinity":98,"s:236:29:236:Infinity":99,"s:238:18:238:Infinity":100,"s:239:2:241:Infinity":101}}}
,"/home/cwnelson/Dev/portfolio/10xlegal-prototype/src/analytics/AttorneyAnalyticsTab.tsx": {"path":"/home/cwnelson/Dev/portfolio/10xlegal-prototype/src/analytics/AttorneyAnalyticsTab.tsx","statementMap":{"0":{"start":{"line":11,"column":10},"end":{"line":45,"column":null}},"1":{"start":{"line":12,"column":31},"end":{"line":12,"column":null}},"2":{"start":{"line":13,"column":27},"end":{"line":13,"column":null}},"3":{"start":{"line":14,"column":34},"end":{"line":14,"column":null}},"4":{"start":{"line":15,"column":30},"end":{"line":15,"column":null}},"5":{"start":{"line":17,"column":8},"end":{"line":26,"column":null}},"6":{"start":{"line":18,"column":12},"end":{"line":21,"column":null}},"7":{"start":{"line":19,"column":16},"end":{"line":19,"column":null}},"8":{"start":{"line":20,"column":16},"end":{"line":20,"column":null}},"9":{"start":{"line":22,"column":12},"end":{"line":25,"column":null}},"10":{"start":{"line":23,"column":16},"end":{"line":23,"column":null}},"11":{"start":{"line":24,"column":16},"end":{"line":24,"column":null}},"12":{"start":{"line":28,"column":14},"end":{"line":28,"column":null}},"13":{"start":{"line":30,"column":36},"end":{"line":30,"column":null}},"14":{"start":{"line":31,"column":22},"end":{"line":31,"column":null}},"15":{"start":{"line":32,"column":8},"end":{"line":34,"column":null}},"16":{"start":{"line":33,"column":12},"end":{"line":33,"column":null}},"17":{"start":{"line":33,"column":35},"end":{"line":33,"column":52}},"18":{"start":{"line":33,"column":52},"end":{"line":33,"column":82}},"19":{"start":{"line":36,"column":32},"end":{"line":36,"column":null}},"20":{"start":{"line":37,"column":21},"end":{"line":37,"column":null}},"21":{"start":{"line":38,"column":8},"end":{"line":40,"column":null}},"22":{"start":{"line":39,"column":12},"end":{"line":39,"column":null}},"23":{"start":{"line":39,"column":34},"end":{"line":39,"column":50}},"24":{"start":{"line":39,"column":50},"end":{"line":39,"column":76}},"25":{"start":{"line":42,"column":36},"end":{"line":42,"column":null}},"26":{"start":{"line":44,"column":8},"end":{"line":44,"column":null}},"27":{"start":{"line":47,"column":4},"end":{"line":65,"column":null}},"28":{"start":{"line":70,"column":4},"end":{"line":92,"column":null}}},"fnMap":{"0":{"name":"AttorneySummaryStats","decl":{"start":{"line":10,"column":9},"end":{"line":10,"column":30}},"loc":{"start":{"line":10,"column":66},"end":{"line":67,"column":null}},"line":10},"1":{"name":"(anonymous_1)","decl":{"start":{"line":11,"column":26},"end":{"line":11,"column":32}},"loc":{"start":{"line":11,"column":32},"end":{"line":45,"column":7}},"line":11},"2":{"name":"AttorneyAnalyticsTab","decl":{"start":{"line":69,"column":16},"end":{"line":69,"column":37}},"loc":{"start":{"line":69,"column":73},"end":{"line":94,"column":null}},"line":69}},"branchMap":{"0":{"loc":{"start":{"line":18,"column":12},"end":{"line":21,"column":null}},"type":"if","locations":[{"start":{"line":18,"column":12},"end":{"line":21,"column":null}},{"start":{},"end":{}}],"line":18},"1":{"loc":{"start":{"line":20,"column":62},"end":{"line":20,"column":115}},"type":"binary-expr","locations":[{"start":{"line":20,"column":62},"end":{"line":20,"column":110}},{"start":{"line":20,"column":110},"end":{"line":20,"column":115}}],"line":20},"2":{"loc":{"start":{"line":22,"column":12},"end":{"line":25,"column":null}},"type":"if","locations":[{"start":{"line":22,"column":12},"end":{"line":25,"column":null}},{"start":{},"end":{}}],"line":22},"3":{"loc":{"start":{"line":24,"column":54},"end":{"line":24,"column":99}},"type":"binary-expr","locations":[{"start":{"line":24,"column":54},"end":{"line":24,"column":94}},{"start":{"line":24,"column":94},"end":{"line":24,"column":99}}],"line":24},"4":{"loc":{"start":{"line":33,"column":12},"end":{"line":33,"column":null}},"type":"if","locations":[{"start":{"line":33,"column":12},"end":{"line":33,"column":null}},{"start":{},"end":{}}],"line":33},"5":{"loc":{"start":{"line":39,"column":12},"end":{"line":39,"column":null}},"type":"if","locations":[{"start":{"line":39,"column":12},"end":{"line":39,"column":null}},{"start":{},"end":{}}],"line":39},"6":{"loc":{"start":{"line":42,"column":36},"end":{"line":42,"column":null}},"type":"cond-expr","locations":[{"start":{"line":42,"column":53},"end":{"line":42,"column":102}},{"start":{"line":42,"column":102},"end":{"line":42,"column":null}}],"line":42}},"s":{"0":4,"1":4,"2":4,"3":4,"4":4,"5":4,"6":6,"7":6,"8":6,"9":6,"10":6,"11":6,"12":4,"13":4,"14":4,"15":4,"16":6,"17":3,"18":3,"19":4,"20":4,"21":4,"22":4,"23":3,"24":3,"25":4,"26":4,"27":4,"28":4},"f":{"0":4,"1":4,"2":4},"b":{"0":[6,0],"1":[6,6],"2":[6,0],"3":[6,4],"4":[3,3],"5":[3,1],"6":[3,1]},"meta":{"lastBranch":7,"lastFunction":3,"lastStatement":29,"seen":{"f:10:9:10:30":0,"s:11:10:45:Infinity":0,"f:11:26:11:32":1,"s:12:31:12:Infinity":1,"s:13:27:13:Infinity":2,"s:14:34:14:Infinity":3,"s:15:30:15:Infinity":4,"s:17:8:26:Infinity":5,"b:18:12:21:Infinity:undefined:undefined:undefined:undefined":0,"s:18:12:21:Infinity":6,"s:19:16:19:Infinity":7,"s:20:16:20:Infinity":8,"b:20:62:20:110:20:110:20:115":1,"b:22:12:25:Infinity:undefined:undefined:undefined:undefined":2,"s:22:12:25:Infinity":9,"s:23:16:23:Infinity":10,"s:24:16:24:Infinity":11,"b:24:54:24:94:24:94:24:99":3,"s:28:14:28:Infinity":12,"s:30:36:30:Infinity":13,"s:31:22:31:Infinity":14,"s:32:8:34:Infinity":15,"b:33:12:33:Infinity:undefined:undefined:undefined:undefined":4,"s:33:12:33:Infinity":16,"s:33:35:33:52":17,"s:33:52:33:82":18,"s:36:32:36:Infinity":19,"s:37:21:37:Infinity":20,"s:38:8:40:Infinity":21,"b:39:12:39:Infinity:undefined:undefined:undefined:undefined":5,"s:39:12:39:Infinity":22,"s:39:34:39:50":23,"s:39:50:39:76":24,"s:42:36:42:Infinity":25,"b:42:53:42:102:42:102:42:Infinity":6,"s:44:8:44:Infinity":26,"s:47:4:65:Infinity":27,"f:69:16:69:37":2,"s:70:4:92:Infinity":28}}}
,"/home/cwnelson/Dev/portfolio/10xlegal-prototype/src/analytics/OverviewTab.tsx": {"path":"/home/cwnelson/Dev/portfolio/10xlegal-prototype/src/analytics/OverviewTab.tsx","statementMap":{"0":{"start":{"line":13,"column":4},"end":{"line":43,"column":null}}},"fnMap":{"0":{"name":"OverviewTab","decl":{"start":{"line":12,"column":16},"end":{"line":12,"column":28}},"loc":{"start":{"line":12,"column":64},"end":{"line":45,"column":null}},"line":12}},"branchMap":{},"s":{"0":4},"f":{"0":4},"b":{},"meta":{"lastBranch":0,"lastFunction":1,"lastStatement":1,"seen":{"f:12:16:12:28":0,"s:13:4:43:Infinity":0}}}
,"/home/cwnelson/Dev/portfolio/10xlegal-prototype/src/analytics/SummaryStats.tsx": {"path":"/home/cwnelson/Dev/portfolio/10xlegal-prototype/src/analytics/SummaryStats.tsx","statementMap":{"0":{"start":{"line":5,"column":10},"end":{"line":62,"column":null}},"1":{"start":{"line":6,"column":27},"end":{"line":6,"column":null}},"2":{"start":{"line":9,"column":28},"end":{"line":9,"column":null}},"3":{"start":{"line":9,"column":48},"end":{"line":9,"column":69}},"4":{"start":{"line":12,"column":26},"end":{"line":12,"column":null}},"5":{"start":{"line":13,"column":28},"end":{"line":13,"column":null}},"6":{"start":{"line":14,"column":8},"end":{"line":23,"column":null}},"7":{"start":{"line":15,"column":12},"end":{"line":22,"column":null}},"8":{"start":{"line":16,"column":31},"end":{"line":16,"column":null}},"9":{"start":{"line":17,"column":36},"end":{"line":17,"column":null}},"10":{"start":{"line":18,"column":16},"end":{"line":21,"column":null}},"11":{"start":{"line":19,"column":20},"end":{"line":19,"column":null}},"12":{"start":{"line":20,"column":20},"end":{"line":20,"column":null}},"13":{"start":{"line":24,"column":28},"end":{"line":24,"column":null}},"14":{"start":{"line":27,"column":33},"end":{"line":27,"column":null}},"15":{"start":{"line":28,"column":8},"end":{"line":30,"column":null}},"16":{"start":{"line":29,"column":12},"end":{"line":29,"column":null}},"17":{"start":{"line":31,"column":35},"end":{"line":31,"column":null}},"18":{"start":{"line":32,"column":28},"end":{"line":32,"column":null}},"19":{"start":{"line":33,"column":8},"end":{"line":38,"column":null}},"20":{"start":{"line":34,"column":12},"end":{"line":37,"column":null}},"21":{"start":{"line":35,"column":16},"end":{"line":35,"column":null}},"22":{"start":{"line":36,"column":16},"end":{"line":36,"column":null}},"23":{"start":{"line":41,"column":28},"end":{"line":41,"column":null}},"24":{"start":{"line":42,"column":8},"end":{"line":44,"column":null}},"25":{"start":{"line":43,"column":12},"end":{"line":43,"column":null}},"26":{"start":{"line":45,"column":30},"end":{"line":45,"column":null}},"27":{"start":{"line":46,"column":23},"end":{"line":46,"column":null}},"28":{"start":{"line":47,"column":8},"end":{"line":52,"column":null}},"29":{"start":{"line":48,"column":12},"end":{"line":51,"column":null}},"30":{"start":{"line":49,"column":16},"end":{"line":49,"column":null}},"31":{"start":{"line":50,"column":16},"end":{"line":50,"column":null}},"32":{"start":{"line":55,"column":23},"end":{"line":55,"column":null}},"33":{"start":{"line":56,"column":8},"end":{"line":58,"column":null}},"34":{"start":{"line":57,"column":12},"end":{"line":57,"column":null}},"35":{"start":{"line":59,"column":28},"end":{"line":59,"column":null}},"36":{"start":{"line":61,"column":8},"end":{"line":61,"column":null}},"37":{"start":{"line":64,"column":4},"end":{"line":90,"column":null}}},"fnMap":{"0":{"name":"SummaryStats","decl":{"start":{"line":4,"column":16},"end":{"line":4,"column":29}},"loc":{"start":{"line":4,"column":65},"end":{"line":92,"column":null}},"line":4},"1":{"name":"(anonymous_1)","decl":{"start":{"line":5,"column":26},"end":{"line":5,"column":32}},"loc":{"start":{"line":5,"column":32},"end":{"line":62,"column":7}},"line":5},"2":{"name":"(anonymous_2)","decl":{"start":{"line":9,"column":41},"end":{"line":9,"column":42}},"loc":{"start":{"line":9,"column":48},"end":{"line":9,"column":69}},"line":9}},"branchMap":{"0":{"loc":{"start":{"line":15,"column":12},"end":{"line":22,"column":null}},"type":"if","locations":[{"start":{"line":15,"column":12},"end":{"line":22,"column":null}},{"start":{},"end":{}}],"line":15},"1":{"loc":{"start":{"line":15,"column":16},"end":{"line":15,"column":51}},"type":"binary-expr","locations":[{"start":{"line":15,"column":16},"end":{"line":15,"column":32}},{"start":{"line":15,"column":32},"end":{"line":15,"column":51}}],"line":15},"2":{"loc":{"start":{"line":18,"column":16},"end":{"line":21,"column":null}},"type":"if","locations":[{"start":{"line":18,"column":16},"end":{"line":21,"column":null}},{"start":{},"end":{}}],"line":18},"3":{"loc":{"start":{"line":18,"column":20},"end":{"line":18,"column":83}},"type":"binary-expr","locations":[{"start":{"line":18,"column":20},"end":{"line":18,"column":38}},{"start":{"line":18,"column":38},"end":{"line":18,"column":61}},{"start":{"line":18,"column":61},"end":{"line":18,"column":83}}],"line":18},"4":{"loc":{"start":{"line":24,"column":28},"end":{"line":24,"column":null}},"type":"cond-expr","locations":[{"start":{"line":24,"column":48},"end":{"line":24,"column":90}},{"start":{"line":24,"column":90},"end":{"line":24,"column":null}}],"line":24},"5":{"loc":{"start":{"line":29,"column":55},"end":{"line":29,"column":105}},"type":"binary-expr","locations":[{"start":{"line":29,"column":55},"end":{"line":29,"column":100}},{"start":{"line":29,"column":100},"end":{"line":29,"column":105}}],"line":29},"6":{"loc":{"start":{"line":34,"column":12},"end":{"line":37,"column":null}},"type":"if","locations":[{"start":{"line":34,"column":12},"end":{"line":37,"column":null}},{"start":{},"end":{}}],"line":34},"7":{"loc":{"start":{"line":43,"column":38},"end":{"line":43,"column":71}},"type":"binary-expr","locations":[{"start":{"line":43,"column":38},"end":{"line":43,"column":66}},{"start":{"line":43,"column":66},"end":{"line":43,"column":71}}],"line":43},"8":{"loc":{"start":{"line":48,"column":12},"end":{"line":51,"column":null}},"type":"if","locations":[{"start":{"line":48,"column":12},"end":{"line":51,"column":null}},{"start":{},"end":{}}],"line":48},"9":{"loc":{"start":{"line":59,"column":28},"end":{"line":59,"column":null}},"type":"cond-expr","locations":[{"start":{"line":59,"column":42},"end":{"line":59,"column":86}},{"start":{"line":59,"column":86},"end":{"line":59,"column":null}}],"line":59},"10":{"loc":{"start":{"line":76,"column":43},"end":{"line":76,"column":108}},"type":"cond-expr","locations":[{"start":{"line":76,"column":72},"end":{"line":76,"column":102}},{"start":{"line":76,"column":102},"end":{"line":76,"column":108}}],"line":76}},"s":{"0":11,"1":11,"2":11,"3":25,"4":11,"5":11,"6":11,"7":25,"8":25,"9":25,"10":25,"11":16,"12":16,"13":11,"14":11,"15":11,"16":25,"17":11,"18":11,"19":11,"20":19,"21":10,"22":10,"23":11,"24":11,"25":25,"26":11,"27":11,"28":11,"29":19,"30":10,"31":10,"32":11,"33":11,"34":25,"35":11,"36":11,"37":11},"f":{"0":11,"1":11,"2":25},"b":{"0":[25,0],"1":[25,25],"2":[16,9],"3":[25,25,16],"4":[10,1],"5":[25,19],"6":[10,9],"7":[25,19],"8":[10,9],"9":[10,1],"10":[10,1]},"meta":{"lastBranch":11,"lastFunction":3,"lastStatement":38,"seen":{"f:4:16:4:29":0,"s:5:10:62:Infinity":0,"f:5:26:5:32":1,"s:6:27:6:Infinity":1,"s:9:28:9:Infinity":2,"f:9:41:9:42":2,"s:9:48:9:69":3,"s:12:26:12:Infinity":4,"s:13:28:13:Infinity":5,"s:14:8:23:Infinity":6,"b:15:12:22:Infinity:undefined:undefined:undefined:undefined":0,"s:15:12:22:Infinity":7,"b:15:16:15:32:15:32:15:51":1,"s:16:31:16:Infinity":8,"s:17:36:17:Infinity":9,"b:18:16:21:Infinity:undefined:undefined:undefined:undefined":2,"s:18:16:21:Infinity":10,"b:18:20:18:38:18:38:18:61:18:61:18:83":3,"s:19:20:19:Infinity":11,"s:20:20:20:Infinity":12,"s:24:28:24:Infinity":13,"b:24:48:24:90:24:90:24:Infinity":4,"s:27:33:27:Infinity":14,"s:28:8:30:Infinity":15,"s:29:12:29:Infinity":16,"b:29:55:29:100:29:100:29:105":5,"s:31:35:31:Infinity":17,"s:32:28:32:Infinity":18,"s:33:8:38:Infinity":19,"b:34:12:37:Infinity:undefined:undefined:undefined:undefined":6,"s:34:12:37:Infinity":20,"s:35:16:35:Infinity":21,"s:36:16:36:Infinity":22,"s:41:28:41:Infinity":23,"s:42:8:44:Infinity":24,"s:43:12:43:Infinity":25,"b:43:38:43:66:43:66:43:71":7,"s:45:30:45:Infinity":26,"s:46:23:46:Infinity":27,"s:47:8:52:Infinity":28,"b:48:12:51:Infinity:undefined:undefined:undefined:undefined":8,"s:48:12:51:Infinity":29,"s:49:16:49:Infinity":30,"s:50:16:50:Infinity":31,"s:55:23:55:Infinity":32,"s:56:8:58:Infinity":33,"s:57:12:57:Infinity":34,"s:59:28:59:Infinity":35,"b:59:42:59:86:59:86:59:Infinity":9,"s:61:8:61:Infinity":36,"s:64:4:90:Infinity":37,"b:76:72:76:102:76:102:76:108":10}}}
,"/home/cwnelson/Dev/portfolio/10xlegal-prototype/src/analytics/analytics.css": {"path":"/home/cwnelson/Dev/portfolio/10xlegal-prototype/src/analytics/analytics.css","statementMap":{},"fnMap":{},"branchMap":{},"s":{},"f":{},"b":{},"meta":{"lastBranch":0,"lastFunction":0,"lastStatement":0,"seen":{}}}
[...]
,"/home/cwnelson/Dev/portfolio/10xlegal-prototype/src/profiles/AttorneysList.tsx": {"path":"/home/cwnelson/Dev/portfolio/10xlegal-prototype/src/profiles/AttorneysList.tsx","statementMap":{"0":{"start":{"line":8,"column":34},"end":{"line":8,"column":null}},"1":{"start":{"line":9,"column":34},"end":{"line":9,"column":null}},"2":{"start":{"line":10,"column":26},"end":{"line":10,"column":null}},"3":{"start":{"line":11,"column":34},"end":{"line":11,"column":null}},"4":{"start":{"line":12,"column":36},"end":{"line":12,"column":null}},"5":{"start":{"line":13,"column":24},"end":{"line":13,"column":null}},"6":{"start":{"line":14,"column":32},"end":{"line":14,"column":null}},"7":{"start":{"line":16,"column":4},"end":{"line":26,"column":null}},"8":{"start":{"line":17,"column":22},"end":{"line":17,"column":null}},"9":{"start":{"line":18,"column":8},"end":{"line":18,"column":null}},"10":{"start":{"line":20,"column":8},"end":{"line":23,"column":null}},"11":{"start":{"line":21,"column":34},"end":{"line":21,"column":76}},"12":{"start":{"line":21,"column":47},"end":{"line":21,"column":76}},"13":{"start":{"line":22,"column":30},"end":{"line":22,"column":118}},"14":{"start":{"line":22,"column":43},"end":{"line":22,"column":118}},"15":{"start":{"line":23,"column":29},"end":{"line":23,"column":63}},"16":{"start":{"line":23,"column":42},"end":{"line":23,"column":63}},"17":{"start":{"line":25,"column":8},"end":{"line":25,"column":null}},"18":{"start":{"line":25,"column":23},"end":{"line":25,"column":40}},"19":{"start":{"line":28,"column":4},"end":{"line":28,"column":null}},"20":{"start":{"line":28,"column":22},"end":{"line":28,"column":34}},"21":{"start":{"line":30,"column":10},"end":{"line":37,"column":null}},"22":{"start":{"line":31,"column":18},"end":{"line":31,"column":null}},"23":{"start":{"line":32,"column":8},"end":{"line":36,"column":null}},"24":{"start":{"line":33,"column":32},"end":{"line":33,"column":null}},"25":{"start":{"line":34,"column":32},"end":{"line":34,"column":null}},"26":{"start":{"line":35,"column":12},"end":{"line":35,"column":null}},"27":{"start":{"line":39,"column":23},"end":{"line":39,"column":null}},"28":{"start":{"line":40,"column":10},"end":{"line":43,"column":null}},"29":{"start":{"line":41,"column":14},"end":{"line":41,"column":null}},"30":{"start":{"line":42,"column":8},"end":{"line":42,"column":null}},"31":{"start":{"line":45,"column":4},"end":{"line":45,"column":null}},"32":{"start":{"line":45,"column":22},"end":{"line":45,"column":66}},"33":{"start":{"line":45,"column":45},"end":{"line":45,"column":66}},"34":{"start":{"line":47,"column":26},"end":{"line":47,"column":null}},"35":{"start":{"line":48,"column":22},"end":{"line":48,"column":null}},"36":{"start":{"line":50,"column":4},"end":{"line":50,"column":null}},"37":{"start":{"line":50,"column":19},"end":{"line":50,"column":null}},"38":{"start":{"line":51,"column":4},"end":{"line":51,"column":null}},"39":{"start":{"line":51,"column":15},"end":{"line":51,"column":null}},"40":{"start":{"line":53,"column":4},"end":{"line":137,"column":null}},"41":{"start":{"line":75,"column":45},"end":{"line":75,"column":null}},"42":{"start":{"line":83,"column":45},"end":{"line":83,"column":null}},"43":{"start":{"line":106,"column":36},"end":{"line":110,"column":null}},"44":{"start":{"line":121,"column":85},"end":{"line":121,"column":null}},"45":{"start":{"line":128,"column":65},"end":{"line":128,"column":77}},"46":{"start":{"line":129,"column":65},"end":{"line":129,"column":84}},"47":{"start":{"line":131,"column":65},"end":{"line":131,"column":84}},"48":{"start":{"line":132,"column":65},"end":{"line":132,"column":86}}},"fnMap":{"0":{"name":"AttorneysList","decl":{"start":{"line":7,"column":16},"end":{"line":7,"column":32}},"loc":{"start":{"line":7,"column":32},"end":{"line":139,"column":null}},"line":7},"1":{"name":"(anonymous_1)","decl":{"start":{"line":16,"column":14},"end":{"line":16,"column":20}},"loc":{"start":{"line":16,"column":20},"end":{"line":26,"column":7}},"line":16},"2":{"name":"(anonymous_2)","decl":{"start":{"line":21,"column":18},"end":{"line":21,"column":19}},"loc":{"start":{"line":21,"column":32},"end":{"line":21,"column":77}},"line":21},"3":{"name":"(anonymous_3)","decl":{"start":{"line":22,"column":19},"end":{"line":22,"column":20}},"loc":{"start":{"line":22,"column":28},"end":{"line":22,"column":119}},"line":22},"4":{"name":"(anonymous_4)","decl":{"start":{"line":23,"column":21},"end":{"line":23,"column":27}},"loc":{"start":{"line":23,"column":27},"end":{"line":23,"column":64}},"line":23},"5":{"name":"(anonymous_5)","decl":{"start":{"line":25,"column":15},"end":{"line":25,"column":21}},"loc":{"start":{"line":25,"column":21},"end":{"line":25,"column":null}},"line":25},"6":{"name":"(anonymous_6)","decl":{"start":{"line":28,"column":14},"end":{"line":28,"column":20}},"loc":{"start":{"line":28,"column":20},"end":{"line":28,"column":37}},"line":28},"7":{"name":"(anonymous_7)","decl":{"start":{"line":30,"column":29},"end":{"line":30,"column":35}},"loc":{"start":{"line":30,"column":35},"end":{"line":37,"column":7}},"line":30},"8":{"name":"(anonymous_8)","decl":{"start":{"line":32,"column":32},"end":{"line":32,"column":33}},"loc":{"start":{"line":32,"column":39},"end":{"line":36,"column":9}},"line":32},"9":{"name":"(anonymous_9)","decl":{"start":{"line":40,"column":26},"end":{"line":40,"column":32}},"loc":{"start":{"line":40,"column":32},"end":{"line":43,"column":7}},"line":40},"10":{"name":"(anonymous_10)","decl":{"start":{"line":45,"column":14},"end":{"line":45,"column":20}},"loc":{"start":{"line":45,"column":20},"end":{"line":45,"column":69}},"line":45},"11":{"name":"(anonymous_11)","decl":{"start":{"line":75,"column":38},"end":{"line":75,"column":39}},"loc":{"start":{"line":75,"column":45},"end":{"line":75,"column":null}},"line":75},"12":{"name":"(anonymous_12)","decl":{"start":{"line":83,"column":38},"end":{"line":83,"column":39}},"loc":{"start":{"line":83,"column":45},"end":{"line":83,"column":null}},"line":83},"13":{"name":"(anonymous_13)","decl":{"start":{"line":105,"column":43},"end":{"line":105,"column":44}},"loc":{"start":{"line":106,"column":36},"end":{"line":110,"column":null}},"line":106},"14":{"name":"(anonymous_14)","decl":{"start":{"line":121,"column":78},"end":{"line":121,"column":79}},"loc":{"start":{"line":121,"column":85},"end":{"line":121,"column":null}},"line":121},"15":{"name":"(anonymous_15)","decl":{"start":{"line":128,"column":59},"end":{"line":128,"column":65}},"loc":{"start":{"line":128,"column":65},"end":{"line":128,"column":77}},"line":128},"16":{"name":"(anonymous_16)","decl":{"start":{"line":129,"column":59},"end":{"line":129,"column":65}},"loc":{"start":{"line":129,"column":65},"end":{"line":129,"column":84}},"line":129},"17":{"name":"(anonymous_17)","decl":{"start":{"line":131,"column":59},"end":{"line":131,"column":65}},"loc":{"start":{"line":131,"column":65},"end":{"line":131,"column":84}},"line":131},"18":{"name":"(anonymous_18)","decl":{"start":{"line":132,"column":59},"end":{"line":132,"column":65}},"loc":{"start":{"line":132,"column":65},"end":{"line":132,"column":86}},"line":132}},"branchMap":{"0":{"loc":{"start":{"line":21,"column":34},"end":{"line":21,"column":76}},"type":"if","locations":[{"start":{"line":21,"column":34},"end":{"line":21,"column":76}},{"start":{},"end":{}}],"line":21},"1":{"loc":{"start":{"line":22,"column":30},"end":{"line":22,"column":118}},"type":"if","locations":[{"start":{"line":22,"column":30},"end":{"line":22,"column":118}},{"start":{},"end":{}}],"line":22},"2":{"loc":{"start":{"line":22,"column":52},"end":{"line":22,"column":115}},"type":"cond-expr","locations":[{"start":{"line":22,"column":75},"end":{"line":22,"column":89}},{"start":{"line":22,"column":89},"end":{"line":22,"column":115}}],"line":22},"3":{"loc":{"start":{"line":23,"column":29},"end":{"line":23,"column":63}},"type":"if","locations":[{"start":{"line":23,"column":29},"end":{"line":23,"column":63}},{"start":{},"end":{}}],"line":23},"4":{"loc":{"start":{"line":33,"column":32},"end":{"line":33,"column":null}},"type":"binary-expr","locations":[{"start":{"line":33,"column":32},"end":{"line":33,"column":38}},{"start":{"line":33,"column":38},"end":{"line":33,"column":null}}],"line":33},"5":{"loc":{"start":{"line":34,"column":32},"end":{"line":34,"column":null}},"type":"binary-expr","locations":[{"start":{"line":34,"column":32},"end":{"line":34,"column":56}},{"start":{"line":34,"column":56},"end":{"line":34,"column":null}}],"line":34},"6":{"loc":{"start":{"line":35,"column":19},"end":{"line":35,"column":null}},"type":"binary-expr","locations":[{"start":{"line":35,"column":19},"end":{"line":35,"column":34}},{"start":{"line":35,"column":34},"end":{"line":35,"column":null}}],"line":35},"7":{"loc":{"start":{"line":45,"column":22},"end":{"line":45,"column":66}},"type":"if","locations":[{"start":{"line":45,"column":22},"end":{"line":45,"column":66}},{"start":{},"end":{}}],"line":45},"8":{"loc":{"start":{"line":50,"column":4},"end":{"line":50,"column":null}},"type":"if","locations":[{"start":{"line":50,"column":4},"end":{"line":50,"column":null}},{"start":{},"end":{}}],"line":50},"9":{"loc":{"start":{"line":51,"column":4},"end":{"line":51,"column":null}},"type":"if","locations":[{"start":{"line":51,"column":4},"end":{"line":51,"column":null}},{"start":{},"end":{}}],"line":51},"10":{"loc":{"start":{"line":93,"column":21},"end":{"line":113,"column":null}},"type":"cond-expr","locations":[{"start":{"line":94,"column":24},"end":{"line":94,"column":null}},{"start":{"line":96,"column":24},"end":{"line":113,"column":null}}],"line":93},"11":{"loc":{"start":{"line":117,"column":17},"end":{"line":134,"column":null}},"type":"binary-expr","locations":[{"start":{"line":117,"column":17},"end":{"line":117,"column":null}},{"start":{"line":118,"column":20},"end":{"line":134,"column":null}}],"line":117}},"s":{"0":18,"1":18,"2":18,"3":18,"4":18,"5":18,"6":18,"7":18,"8":6,"9":6,"10":6,"11":5,"12":5,"13":1,"14":1,"15":6,"16":6,"17":6,"18":6,"19":18,"20":9,"21":18,"22":14,"23":14,"24":24,"25":24,"26":24,"27":18,"28":18,"29":14,"30":14,"31":18,"32":6,"33":0,"34":18,"35":18,"36":18,"37":6,"38":12,"39":12,"40":11,"41":2,"42":1,"43":19,"44":0,"45":0,"46":0,"47":0,"48":0},"f":{"0":18,"1":6,"2":5,"3":1,"4":6,"5":6,"6":9,"7":14,"8":24,"9":14,"10":6,"11":2,"12":1,"13":19,"14":0,"15":0,"16":0,"17":0,"18":0},"b":{"0":[5,0],"1":[1,0],"2":[1,0],"3":[6,0],"4":[24,6],"5":[24,3],"6":[24,19],"7":[0,6],"8":[6,12],"9":[1,11],"10":[2,9],"11":[18,0]},"meta":{"lastBranch":12,"lastFunction":19,"lastStatement":49,"seen":{"f:7:16:7:32":0,"s:8:34:8:Infinity":0,"s:9:34:9:Infinity":1,"s:10:26:10:Infinity":2,"s:11:34:11:Infinity":3,"s:12:36:12:Infinity":4,"s:13:24:13:Infinity":5,"s:14:32:14:Infinity":6,"s:16:4:26:Infinity":7,"f:16:14:16:20":1,"s:17:22:17:Infinity":8,"s:18:8:18:Infinity":9,"s:20:8:23:Infinity":10,"f:21:18:21:19":2,"b:21:34:21:76:undefined:undefined:undefined:undefined":0,"s:21:34:21:76":11,"s:21:47:21:76":12,"f:22:19:22:20":3,"b:22:30:22:118:undefined:undefined:undefined:undefined":1,"s:22:30:22:118":13,"s:22:43:22:118":14,"b:22:75:22:89:22:89:22:115":2,"f:23:21:23:27":4,"b:23:29:23:63:undefined:undefined:undefined:undefined":3,"s:23:29:23:63":15,"s:23:42:23:63":16,"s:25:8:25:Infinity":17,"f:25:15:25:21":5,"s:25:23:25:40":18,"s:28:4:28:Infinity":19,"f:28:14:28:20":6,"s:28:22:28:34":20,"s:30:10:37:Infinity":21,"f:30:29:30:35":7,"s:31:18:31:Infinity":22,"s:32:8:36:Infinity":23,"f:32:32:32:33":8,"s:33:32:33:Infinity":24,"b:33:32:33:38:33:38:33:Infinity":4,"s:34:32:34:Infinity":25,"b:34:32:34:56:34:56:34:Infinity":5,"s:35:12:35:Infinity":26,"b:35:19:35:34:35:34:35:Infinity":6,"s:39:23:39:Infinity":27,"s:40:10:43:Infinity":28,"f:40:26:40:32":9,"s:41:14:41:Infinity":29,"s:42:8:42:Infinity":30,"s:45:4:45:Infinity":31,"f:45:14:45:20":10,"b:45:22:45:66:undefined:undefined:undefined:undefined":7,"s:45:22:45:66":32,"s:45:45:45:66":33,"s:47:26:47:Infinity":34,"s:48:22:48:Infinity":35,"b:50:4:50:Infinity:undefined:undefined:undefined:undefined":8,"s:50:4:50:Infinity":36,"s:50:19:50:Infinity":37,"b:51:4:51:Infinity:undefined:undefined:undefined:undefined":9,"s:51:4:51:Infinity":38,"s:51:15:51:Infinity":39,"s:53:4:137:Infinity":40,"f:75:38:75:39":11,"s:75:45:75:Infinity":41,"f:83:38:83:39":12,"s:83:45:83:Infinity":42,"b:94:24:94:Infinity:96:24:113:Infinity":10,"f:105:43:105:44":13,"s:106:36:110:Infinity":43,"b:117:17:117:Infinity:118:20:134:Infinity":11,"f:121:78:121:79":14,"s:121:85:121:Infinity":44,"f:128:59:128:65":15,"s:128:65:128:77":45,"f:129:59:129:65":16,"s:129:65:129:84":46,"f:131:59:131:65":17,"s:131:65:131:84":47,"f:132:59:132:65":18,"s:132:65:132:86":48}}}
,"/home/cwnelson/Dev/portfolio/10xlegal-prototype/src/profiles/profiles.css": {"path":"/home/cwnelson/Dev/portfolio/10xlegal-prototype/src/profiles/profiles.css","statementMap":{},"fnMap":{},"branchMap":{},"s":{},"f":{},"b":{},"meta":{"lastBranch":0,"lastFunction":0,"lastStatement":0,"seen":{}}}
,"/home/cwnelson/Dev/portfolio/10xlegal-prototype/src/test/mocks/handlers.ts": {"path":"/home/cwnelson/Dev/portfolio/10xlegal-prototype/src/test/mocks/handlers.ts","statementMap":{"0":{"start":{"line":3,"column":18},"end":{"line":72,"column":null}},"1":{"start":{"line":74,"column":22},"end":{"line":88,"column":null}},"2":{"start":{"line":90,"column":17},"end":{"line":98,"column":null}},"3":{"start":{"line":100,"column":24},"end":{"line":161,"column":null}},"4":{"start":{"line":102,"column":8},"end":{"line":108,"column":null}},"5":{"start":{"line":112,"column":22},"end":{"line":112,"column":null}},"6":{"start":{"line":112,"column":44},"end":{"line":112,"column":62}},"7":{"start":{"line":113,"column":8},"end":{"line":113,"column":null}},"8":{"start":{"line":113,"column":20},"end":{"line":113,"column":null}},"9":{"start":{"line":114,"column":8},"end":{"line":114,"column":null}},"10":{"start":{"line":118,"column":8},"end":{"line":124,"column":null}},"11":{"start":{"line":128,"column":21},"end":{"line":128,"column":null}},"12":{"start":{"line":129,"column":8},"end":{"line":138,"column":null}},"13":{"start":{"line":130,"column":12},"end":{"line":137,"column":null}},"14":{"start":{"line":139,"column":8},"end":{"line":139,"column":null}},"15":{"start":{"line":143,"column":8},"end":{"line":143,"column":null}},"16":{"start":{"line":147,"column":8},"end":{"line":147,"column":null}},"17":{"start":{"line":151,"column":8},"end":{"line":153,"column":null}},"18":{"start":{"line":157,"column":8},"end":{"line":159,"column":null}}},"fnMap":{"0":{"name":"(anonymous_0)","decl":{"start":{"line":101,"column":27},"end":{"line":101,"column":33}},"loc":{"start":{"line":101,"column":33},"end":{"line":109,"column":5}},"line":101},"1":{"name":"(anonymous_1)","decl":{"start":{"line":111,"column":31},"end":{"line":111,"column":32}},"loc":{"start":{"line":111,"column":47},"end":{"line":115,"column":5}},"line":111},"2":{"name":"(anonymous_2)","decl":{"start":{"line":112,"column":37},"end":{"line":112,"column":38}},"loc":{"start":{"line":112,"column":44},"end":{"line":112,"column":62}},"line":112},"3":{"name":"(anonymous_3)","decl":{"start":{"line":117,"column":31},"end":{"line":117,"column":37}},"loc":{"start":{"line":117,"column":37},"end":{"line":125,"column":5}},"line":117},"4":{"name":"(anonymous_4)","decl":{"start":{"line":127,"column":33},"end":{"line":127,"column":40}},"loc":{"start":{"line":127,"column":56},"end":{"line":140,"column":5}},"line":127},"5":{"name":"(anonymous_5)","decl":{"start":{"line":142,"column":39},"end":{"line":142,"column":45}},"loc":{"start":{"line":142,"column":45},"end":{"line":144,"column":5}},"line":142},"6":{"name":"(anonymous_6)","decl":{"start":{"line":146,"column":34},"end":{"line":146,"column":40}},"loc":{"start":{"line":146,"column":40},"end":{"line":148,"column":5}},"line":146},"7":{"name":"(anonymous_7)","decl":{"start":{"line":150,"column":31},"end":{"line":150,"column":37}},"loc":{"start":{"line":150,"column":37},"end":{"line":154,"column":5}},"line":150},"8":{"name":"(anonymous_8)","decl":{"start":{"line":156,"column":27},"end":{"line":156,"column":33}},"loc":{"start":{"line":156,"column":33},"end":{"line":160,"column":5}},"line":156}},"branchMap":{"0":{"loc":{"start":{"line":113,"column":8},"end":{"line":113,"column":null}},"type":"if","locations":[{"start":{"line":113,"column":8},"end":{"line":113,"column":null}},{"start":{},"end":{}}],"line":113},"1":{"loc":{"start":{"line":129,"column":8},"end":{"line":138,"column":null}},"type":"if","locations":[{"start":{"line":129,"column":8},"end":{"line":138,"column":null}},{"start":{},"end":{}}],"line":129},"2":{"loc":{"start":{"line":129,"column":12},"end":{"line":129,"column":82}},"type":"binary-expr","locations":[{"start":{"line":129,"column":12},"end":{"line":129,"column":49}},{"start":{"line":129,"column":49},"end":{"line":129,"column":82}}],"line":129}},"s":{"0":37,"1":37,"2":37,"3":37,"4":26,"5":5,"6":7,"7":5,"8":1,"9":4,"10":11,"11":8,"12":8,"13":5,"14":3,"15":4,"16":2,"17":1,"18":0},"f":{"0":26,"1":5,"2":7,"3":11,"4":8,"5":4,"6":2,"7":1,"8":0},"b":{"0":[1,4],"1":[5,3],"2":[8,5]},"meta":{"lastBranch":3,"lastFunction":9,"lastStatement":19,"seen":{"s:3:18:72:Infinity":0,"s:74:22:88:Infinity":1,"s:90:17:98:Infinity":2,"s:100:24:161:Infinity":3,"f:101:27:101:33":0,"s:102:8:108:Infinity":4,"f:111:31:111:32":1,"s:112:22:112:Infinity":5,"f:112:37:112:38":2,"s:112:44:112:62":6,"b:113:8:113:Infinity:undefined:undefined:undefined:undefined":0,"s:113:8:113:Infinity":7,"s:113:20:113:Infinity":8,"s:114:8:114:Infinity":9,"f:117:31:117:37":3,"s:118:8:124:Infinity":10,"f:127:33:127:40":4,"s:128:21:128:Infinity":11,"b:129:8:138:Infinity:undefined:undefined:undefined:undefined":1,"s:129:8:138:Infinity":12,"b:129:12:129:49:129:49:129:82":2,"s:130:12:137:Infinity":13,"s:139:8:139:Infinity":14,"f:142:39:142:45":5,"s:143:8:143:Infinity":15,"f:146:34:146:40":6,"s:147:8:147:Infinity":16,"f:150:31:150:37":7,"s:151:8:153:Infinity":17,"f:156:27:156:33":8,"s:157:8:159:Infinity":18}}}
,"/home/cwnelson/Dev/portfolio/10xlegal-prototype/src/test/mocks/server.ts": {"path":"/home/cwnelson/Dev/portfolio/10xlegal-prototype/src/test/mocks/server.ts","statementMap":{"0":{"start":{"line":4,"column":13},"end":{"line":4,"column":null}}},"fnMap":{},"branchMap":{},"s":{"0":37},"f":{},"b":{},"meta":{"lastBranch":0,"lastFunction":0,"lastStatement":1,"seen":{"s:4:13:4:Infinity":0}}}
}
